{"/home/travis/build/npmtest/node-npmtest-webshot/test.js":{"path":"/home/travis/build/npmtest/node-npmtest-webshot/test.js","s":{"1":2,"2":2,"3":2,"4":2,"5":2,"6":2,"7":2,"8":1,"9":2,"10":2,"11":1,"12":1,"13":1,"14":1,"15":2,"16":2,"17":2,"18":2,"19":1,"20":1,"21":2,"22":2,"23":2,"24":1,"25":1,"26":1,"27":1,"28":1,"29":1,"30":1,"31":1,"32":1,"33":1,"34":1,"35":1,"36":1,"37":1,"38":1,"39":2,"40":2,"41":1,"42":2,"43":2,"44":1,"45":2,"46":2,"47":1,"48":2,"49":2,"50":1,"51":1,"52":1,"53":1,"54":1},"b":{"1":[2,1,1,1],"2":[1,1,1,1],"3":[1,1],"4":[1,1],"5":[1,1],"6":[1,1],"7":[1,1],"8":[1,1],"9":[1,1],"10":[1,1,1],"11":[1,1],"12":[1,1],"13":[1,1],"14":[1,1],"15":[1,1],"16":[1,1],"17":[1,1]},"f":{"1":2,"2":2,"3":2,"4":2,"5":2,"6":1,"7":1,"8":1,"9":2,"10":2,"11":2,"12":2,"13":1},"fnMap":{"1":{"name":"(anonymous_1)","line":12,"loc":{"start":{"line":12,"column":1},"end":{"line":12,"column":13}}},"2":{"name":"(anonymous_2)","line":19,"loc":{"start":{"line":19,"column":5},"end":{"line":19,"column":17}}},"3":{"name":"(anonymous_3)","line":23,"loc":{"start":{"line":23,"column":24},"end":{"line":23,"column":36}}},"4":{"name":"(anonymous_4)","line":61,"loc":{"start":{"line":61,"column":5},"end":{"line":61,"column":17}}},"5":{"name":"(anonymous_5)","line":82,"loc":{"start":{"line":82,"column":5},"end":{"line":82,"column":17}}},"6":{"name":"(anonymous_6)","line":91,"loc":{"start":{"line":91,"column":77},"end":{"line":94,"column":10}}},"7":{"name":"(anonymous_7)","line":112,"loc":{"start":{"line":112,"column":83},"end":{"line":115,"column":10}},"skip":true},"8":{"name":"(anonymous_8)","line":123,"loc":{"start":{"line":123,"column":77},"end":{"line":126,"column":10}},"skip":true},"9":{"name":"(anonymous_9)","line":139,"loc":{"start":{"line":139,"column":12},"end":{"line":139,"column":40}},"skip":true},"10":{"name":"(anonymous_10)","line":147,"loc":{"start":{"line":147,"column":77},"end":{"line":150,"column":10}},"skip":true},"11":{"name":"(anonymous_11)","line":158,"loc":{"start":{"line":158,"column":83},"end":{"line":161,"column":10}},"skip":true},"12":{"name":"(anonymous_12)","line":169,"loc":{"start":{"line":169,"column":79},"end":{"line":172,"column":10}},"skip":true},"13":{"name":"(anonymous_13)","line":180,"loc":{"start":{"line":180,"column":75},"end":{"line":183,"column":10}},"skip":true}},"statementMap":{"1":{"start":{"line":12,"column":0},"end":{"line":195,"column":5}},"2":{"start":{"line":14,"column":4},"end":{"line":14,"column":14}},"3":{"start":{"line":19,"column":4},"end":{"line":56,"column":9}},"4":{"start":{"line":21,"column":8},"end":{"line":21,"column":19}},"5":{"start":{"line":23,"column":8},"end":{"line":35,"column":13}},"6":{"start":{"line":24,"column":12},"end":{"line":34,"column":13}},"7":{"start":{"line":25,"column":16},"end":{"line":28,"column":30}},"8":{"start":{"line":30,"column":16},"end":{"line":33,"column":27}},"9":{"start":{"line":37,"column":8},"end":{"line":39,"column":21}},"10":{"start":{"line":40,"column":8},"end":{"line":53,"column":9}},"11":{"start":{"line":43,"column":12},"end":{"line":46,"column":14}},"12":{"start":{"line":47,"column":12},"end":{"line":47,"column":18}},"13":{"start":{"line":50,"column":12},"end":{"line":51,"column":46}},"14":{"start":{"line":52,"column":12},"end":{"line":52,"column":18}},"15":{"start":{"line":55,"column":8},"end":{"line":55,"column":35}},"16":{"start":{"line":61,"column":4},"end":{"line":63,"column":9}},"17":{"start":{"line":62,"column":8},"end":{"line":62,"column":15}},"18":{"start":{"line":64,"column":4},"end":{"line":77,"column":5}},"19":{"start":{"line":70,"column":8},"end":{"line":70,"column":14}},"20":{"start":{"line":76,"column":8},"end":{"line":76,"column":14}},"21":{"start":{"line":82,"column":4},"end":{"line":84,"column":9}},"22":{"start":{"line":83,"column":8},"end":{"line":83,"column":15}},"23":{"start":{"line":85,"column":4},"end":{"line":194,"column":5}},"24":{"start":{"line":91,"column":8},"end":{"line":99,"column":10}},"25":{"start":{"line":98,"column":12},"end":{"line":98,"column":35}},"26":{"start":{"line":102,"column":8},"end":{"line":104,"column":63}},"27":{"start":{"line":105,"column":8},"end":{"line":105,"column":14}},"28":{"start":{"line":112,"column":8},"end":{"line":121,"column":10},"skip":true},"29":{"start":{"line":119,"column":12},"end":{"line":119,"column":55},"skip":true},"30":{"start":{"line":120,"column":12},"end":{"line":120,"column":48},"skip":true},"31":{"start":{"line":123,"column":8},"end":{"line":136,"column":10},"skip":true},"32":{"start":{"line":130,"column":12},"end":{"line":130,"column":76},"skip":true},"33":{"start":{"line":131,"column":12},"end":{"line":131,"column":73},"skip":true},"34":{"start":{"line":132,"column":12},"end":{"line":132,"column":74},"skip":true},"35":{"start":{"line":133,"column":12},"end":{"line":133,"column":79},"skip":true},"36":{"start":{"line":134,"column":12},"end":{"line":134,"column":25},"skip":true},"37":{"start":{"line":135,"column":12},"end":{"line":135,"column":45},"skip":true},"38":{"start":{"line":138,"column":8},"end":{"line":145,"column":14},"skip":true},"39":{"start":{"line":143,"column":16},"end":{"line":143,"column":29},"skip":true},"40":{"start":{"line":144,"column":16},"end":{"line":144,"column":55},"skip":true},"41":{"start":{"line":147,"column":8},"end":{"line":156,"column":10},"skip":true},"42":{"start":{"line":154,"column":12},"end":{"line":154,"column":25},"skip":true},"43":{"start":{"line":155,"column":12},"end":{"line":155,"column":45},"skip":true},"44":{"start":{"line":158,"column":8},"end":{"line":167,"column":10},"skip":true},"45":{"start":{"line":165,"column":12},"end":{"line":165,"column":25},"skip":true},"46":{"start":{"line":166,"column":12},"end":{"line":166,"column":48},"skip":true},"47":{"start":{"line":169,"column":8},"end":{"line":178,"column":10},"skip":true},"48":{"start":{"line":176,"column":12},"end":{"line":176,"column":25},"skip":true},"49":{"start":{"line":177,"column":12},"end":{"line":177,"column":46},"skip":true},"50":{"start":{"line":180,"column":8},"end":{"line":189,"column":10},"skip":true},"51":{"start":{"line":187,"column":12},"end":{"line":187,"column":94},"skip":true},"52":{"start":{"line":188,"column":12},"end":{"line":188,"column":48},"skip":true},"53":{"start":{"line":192,"column":8},"end":{"line":192,"column":35},"skip":true},"54":{"start":{"line":193,"column":8},"end":{"line":193,"column":14},"skip":true}},"branchMap":{"1":{"line":25,"type":"binary-expr","locations":[{"start":{"line":25,"column":23},"end":{"line":25,"column":62}},{"start":{"line":26,"column":20},"end":{"line":26,"column":70}},{"start":{"line":27,"column":20},"end":{"line":27,"column":71}},{"start":{"line":28,"column":20},"end":{"line":28,"column":29}}]},"2":{"line":30,"type":"binary-expr","locations":[{"start":{"line":30,"column":23},"end":{"line":30,"column":37}},{"start":{"line":31,"column":20},"end":{"line":31,"column":61}},{"start":{"line":32,"column":20},"end":{"line":32,"column":70}},{"start":{"line":33,"column":20},"end":{"line":33,"column":26}}]},"3":{"line":37,"type":"cond-expr","locations":[{"start":{"line":38,"column":14},"end":{"line":38,"column":20}},{"start":{"line":39,"column":14},"end":{"line":39,"column":20}}]},"4":{"line":40,"type":"switch","locations":[{"start":{"line":42,"column":8},"end":{"line":47,"column":18}},{"start":{"line":49,"column":8},"end":{"line":52,"column":18}}]},"5":{"line":44,"type":"binary-expr","locations":[{"start":{"line":44,"column":16},"end":{"line":44,"column":44}},{"start":{"line":44,"column":48},"end":{"line":44,"column":66}}]},"6":{"line":50,"type":"binary-expr","locations":[{"start":{"line":50,"column":21},"end":{"line":50,"column":49}},{"start":{"line":50,"column":53},"end":{"line":50,"column":72}}]},"7":{"line":64,"type":"switch","locations":[{"start":{"line":69,"column":4},"end":{"line":70,"column":14}},{"start":{"line":75,"column":4},"end":{"line":76,"column":14}}]},"8":{"line":85,"type":"switch","locations":[{"start":{"line":90,"column":4},"end":{"line":105,"column":14}},{"start":{"line":111,"column":4},"end":{"line":193,"column":14},"skip":true}]},"9":{"line":91,"type":"binary-expr","locations":[{"start":{"line":91,"column":42},"end":{"line":91,"column":73}},{"start":{"line":91,"column":77},"end":{"line":99,"column":9}}]},"10":{"line":102,"type":"binary-expr","locations":[{"start":{"line":102,"column":18},"end":{"line":102,"column":32}},{"start":{"line":103,"column":12},"end":{"line":103,"column":53}},{"start":{"line":104,"column":12},"end":{"line":104,"column":61}}]},"11":{"line":112,"type":"binary-expr","locations":[{"start":{"line":112,"column":45},"end":{"line":112,"column":79},"skip":true},{"start":{"line":112,"column":83},"end":{"line":121,"column":9},"skip":true}]},"12":{"line":123,"type":"binary-expr","locations":[{"start":{"line":123,"column":42},"end":{"line":123,"column":73},"skip":true},{"start":{"line":123,"column":77},"end":{"line":136,"column":9},"skip":true}]},"13":{"line":138,"type":"binary-expr","locations":[{"start":{"line":138,"column":48},"end":{"line":138,"column":85},"skip":true},{"start":{"line":139,"column":12},"end":{"line":145,"column":13},"skip":true}]},"14":{"line":147,"type":"binary-expr","locations":[{"start":{"line":147,"column":42},"end":{"line":147,"column":73},"skip":true},{"start":{"line":147,"column":77},"end":{"line":156,"column":9},"skip":true}]},"15":{"line":158,"type":"binary-expr","locations":[{"start":{"line":158,"column":45},"end":{"line":158,"column":79},"skip":true},{"start":{"line":158,"column":83},"end":{"line":167,"column":9},"skip":true}]},"16":{"line":169,"type":"binary-expr","locations":[{"start":{"line":169,"column":43},"end":{"line":169,"column":75},"skip":true},{"start":{"line":169,"column":79},"end":{"line":178,"column":9},"skip":true}]},"17":{"line":180,"type":"binary-expr","locations":[{"start":{"line":180,"column":41},"end":{"line":180,"column":71},"skip":true},{"start":{"line":180,"column":75},"end":{"line":189,"column":9},"skip":true}]}},"code":["/* istanbul instrument in package npmtest_webshot */","/*jslint","    bitwise: true,","    browser: true,","    maxerr: 8,","    maxlen: 96,","    node: true,","    nomen: true,","    regexp: true,","    stupid: true","*/","(function () {","    'use strict';","    var local;","","","","    // run shared js-env code - pre-init","    (function () {","        // init local","        local = {};","        // init modeJs","        local.modeJs = (function () {","            try {","                return typeof navigator.userAgent === 'string' &&","                    typeof document.querySelector('body') === 'object' &&","                    typeof XMLHttpRequest.prototype.open === 'function' &&","                    'browser';","            } catch (errorCaughtBrowser) {","                return module.exports &&","                    typeof process.versions.node === 'string' &&","                    typeof require('http').createServer === 'function' &&","                    'node';","            }","        }());","        // init global","        local.global = local.modeJs === 'browser'","            ? window","            : global;","        switch (local.modeJs) {","        // re-init local from window.local","        case 'browser':","            local = local.global.utility2.objectSetDefault(","                local.global.utility2_rollup || local.global.local,","                local.global.utility2","            );","            break;","        // re-init local from example.js","        case 'node':","            local = (local.global.utility2_rollup || require('utility2'))","                .requireExampleJsFromReadme();","            break;","        }","        // export local","        local.global.local = local;","    }());","","","","    // run shared js-env code - function","    (function () {","        return;","    }());","    switch (local.modeJs) {","","","","    // run browser js-env code - function","    case 'browser':","        break;","","","","    // run node js-env code - function","    case 'node':","        break;","    }","","","","    // run shared js-env code - post-init","    (function () {","        return;","    }());","    switch (local.modeJs) {","","","","    // run browser js-env code - post-init","    case 'browser':","        local.testCase_browser_nullCase = local.testCase_browser_nullCase || function (","            options,","            onError","        ) {","        /*","         * this function will test browsers's null-case handling-behavior-behavior","         */","            onError(null, options);","        };","","        // run tests","        local.nop(local.modeTest &&","            document.querySelector('#testRunButton1') &&","            document.querySelector('#testRunButton1').click());","        break;","","","","    // run node js-env code - post-init","    /* istanbul ignore next */","    case 'node':","        local.testCase_buildApidoc_default = local.testCase_buildApidoc_default || function (","            options,","            onError","        ) {","        /*","         * this function will test buildApidoc's default handling-behavior-behavior","         */","            options = { modulePathList: module.paths };","            local.buildApidoc(options, onError);","        };","","        local.testCase_buildApp_default = local.testCase_buildApp_default || function (","            options,","            onError","        ) {","        /*","         * this function will test buildApp's default handling-behavior-behavior","         */","            local.testCase_buildReadme_default(options, local.onErrorThrow);","            local.testCase_buildLib_default(options, local.onErrorThrow);","            local.testCase_buildTest_default(options, local.onErrorThrow);","            local.testCase_buildCustomOrg_default(options, local.onErrorThrow);","            options = [];","            local.buildApp(options, onError);","        };","","        local.testCase_buildCustomOrg_default = local.testCase_buildCustomOrg_default ||","            function (options, onError) {","            /*","             * this function will test buildCustomOrg's default handling-behavior","             */","                options = {};","                local.buildCustomOrg(options, onError);","            };","","        local.testCase_buildLib_default = local.testCase_buildLib_default || function (","            options,","            onError","        ) {","        /*","         * this function will test buildLib's default handling-behavior","         */","            options = {};","            local.buildLib(options, onError);","        };","","        local.testCase_buildReadme_default = local.testCase_buildReadme_default || function (","            options,","            onError","        ) {","        /*","         * this function will test buildReadme's default handling-behavior-behavior","         */","            options = {};","            local.buildReadme(options, onError);","        };","","        local.testCase_buildTest_default = local.testCase_buildTest_default || function (","            options,","            onError","        ) {","        /*","         * this function will test buildTest's default handling-behavior","         */","            options = {};","            local.buildTest(options, onError);","        };","","        local.testCase_webpage_default = local.testCase_webpage_default || function (","            options,","            onError","        ) {","        /*","         * this function will test webpage's default handling-behavior","         */","            options = { modeCoverageMerge: true, url: local.serverLocalHost + '?modeTest=1' };","            local.browserTest(options, onError);","        };","","        // run test-server","        local.testRunServer(local);","        break;","    }","}());",""],"l":{"12":2,"14":2,"19":2,"21":2,"23":2,"24":2,"25":2,"30":1,"37":2,"40":2,"43":1,"47":1,"50":1,"52":1,"55":2,"61":2,"62":2,"64":2,"70":1,"76":1,"82":2,"83":2,"85":2,"91":1,"98":1,"102":1,"105":1,"112":1,"119":1,"120":1,"123":1,"130":1,"131":1,"132":1,"133":1,"134":1,"135":1,"138":1,"143":2,"144":2,"147":1,"154":2,"155":2,"158":1,"165":2,"166":2,"169":1,"176":2,"177":2,"180":1,"187":1,"188":1,"192":1,"193":1}},"/home/travis/build/npmtest/node-npmtest-webshot/lib.npmtest_webshot.js":{"path":"/home/travis/build/npmtest/node-npmtest-webshot/lib.npmtest_webshot.js","s":{"1":2,"2":2,"3":2,"4":2,"5":2,"6":2,"7":2,"8":1,"9":2,"10":2,"11":2,"12":2,"13":1,"14":1,"15":1,"16":1},"b":{"1":[2,1,1,1],"2":[1,1,1,1],"3":[1,1],"4":[2,2],"5":[1,1]},"f":{"1":2,"2":2,"3":2},"fnMap":{"1":{"name":"(anonymous_1)","line":12,"loc":{"start":{"line":12,"column":1},"end":{"line":12,"column":13}}},"2":{"name":"(anonymous_2)","line":19,"loc":{"start":{"line":19,"column":5},"end":{"line":19,"column":17}}},"3":{"name":"(anonymous_3)","line":23,"loc":{"start":{"line":23,"column":24},"end":{"line":23,"column":36}}}},"statementMap":{"1":{"start":{"line":12,"column":0},"end":{"line":53,"column":5}},"2":{"start":{"line":14,"column":4},"end":{"line":14,"column":14}},"3":{"start":{"line":19,"column":4},"end":{"line":52,"column":9}},"4":{"start":{"line":21,"column":8},"end":{"line":21,"column":19}},"5":{"start":{"line":23,"column":8},"end":{"line":35,"column":13}},"6":{"start":{"line":24,"column":12},"end":{"line":34,"column":13}},"7":{"start":{"line":25,"column":16},"end":{"line":28,"column":30}},"8":{"start":{"line":30,"column":16},"end":{"line":33,"column":27}},"9":{"start":{"line":37,"column":8},"end":{"line":39,"column":21}},"10":{"start":{"line":41,"column":8},"end":{"line":41,"column":54}},"11":{"start":{"line":43,"column":8},"end":{"line":43,"column":52}},"12":{"start":{"line":45,"column":8},"end":{"line":51,"column":9}},"13":{"start":{"line":46,"column":12},"end":{"line":46,"column":58}},"14":{"start":{"line":48,"column":12},"end":{"line":48,"column":35}},"15":{"start":{"line":49,"column":12},"end":{"line":49,"column":49}},"16":{"start":{"line":50,"column":12},"end":{"line":50,"column":43}}},"branchMap":{"1":{"line":25,"type":"binary-expr","locations":[{"start":{"line":25,"column":23},"end":{"line":25,"column":62}},{"start":{"line":26,"column":20},"end":{"line":26,"column":70}},{"start":{"line":27,"column":20},"end":{"line":27,"column":71}},{"start":{"line":28,"column":20},"end":{"line":28,"column":29}}]},"2":{"line":30,"type":"binary-expr","locations":[{"start":{"line":30,"column":23},"end":{"line":30,"column":37}},{"start":{"line":31,"column":20},"end":{"line":31,"column":61}},{"start":{"line":32,"column":20},"end":{"line":32,"column":70}},{"start":{"line":33,"column":20},"end":{"line":33,"column":26}}]},"3":{"line":37,"type":"cond-expr","locations":[{"start":{"line":38,"column":14},"end":{"line":38,"column":20}},{"start":{"line":39,"column":14},"end":{"line":39,"column":20}}]},"4":{"line":41,"type":"binary-expr","locations":[{"start":{"line":41,"column":16},"end":{"line":41,"column":44}},{"start":{"line":41,"column":48},"end":{"line":41,"column":53}}]},"5":{"line":45,"type":"if","locations":[{"start":{"line":45,"column":8},"end":{"line":45,"column":8}},{"start":{"line":45,"column":8},"end":{"line":45,"column":8}}]}},"code":["/* istanbul instrument in package npmtest_webshot */","/*jslint","    bitwise: true,","    browser: true,","    maxerr: 8,","    maxlen: 96,","    node: true,","    nomen: true,","    regexp: true,","    stupid: true","*/","(function () {","    'use strict';","    var local;","","","","    // run shared js-env code - pre-init","    (function () {","        // init local","        local = {};","        // init modeJs","        local.modeJs = (function () {","            try {","                return typeof navigator.userAgent === 'string' &&","                    typeof document.querySelector('body') === 'object' &&","                    typeof XMLHttpRequest.prototype.open === 'function' &&","                    'browser';","            } catch (errorCaughtBrowser) {","                return module.exports &&","                    typeof process.versions.node === 'string' &&","                    typeof require('http').createServer === 'function' &&","                    'node';","            }","        }());","        // init global","        local.global = local.modeJs === 'browser'","            ? window","            : global;","        // init utility2_rollup","        local = local.global.utility2_rollup || local;","        // init lib","        local.local = local.npmtest_webshot = local;","        // init exports","        if (local.modeJs === 'browser') {","            local.global.utility2_npmtest_webshot = local;","        } else {","            module.exports = local;","            module.exports.__dirname = __dirname;","            module.exports.module = module;","        }","    }());","}());",""],"l":{"12":2,"14":2,"19":2,"21":2,"23":2,"24":2,"25":2,"30":1,"37":2,"41":2,"43":2,"45":2,"46":1,"48":1,"49":1,"50":1}},"/home/travis/build/npmtest/node-npmtest-webshot/example.js":{"path":"/home/travis/build/npmtest/node-npmtest-webshot/example.js","s":{"1":2,"2":2,"3":2,"4":2,"5":2,"6":2,"7":2,"8":1,"9":2,"10":2,"11":2,"12":2,"13":1,"14":2,"15":2,"16":2,"17":2,"18":2,"19":0,"20":2,"21":1,"22":1,"23":1,"24":1,"25":1,"26":0,"27":0,"28":1,"29":1,"30":2,"31":0,"32":0,"33":0,"34":1,"35":2,"36":2,"37":3,"38":3,"39":3,"40":3,"41":0,"42":3,"43":3,"44":3,"45":1,"46":3,"47":1,"48":1,"49":1,"50":1,"51":1,"52":1,"53":1,"54":1,"55":1,"56":1,"57":0,"58":1,"59":6,"60":6,"61":1,"62":2,"63":0,"64":2,"65":1,"66":1,"67":0,"68":0,"69":0,"70":0,"71":0,"72":0,"73":0,"74":0,"75":0,"76":0,"77":0,"78":0,"79":0,"80":0,"81":0,"82":0,"83":0},"b":{"1":[2,1,1,1],"2":[1,1,1,1],"3":[1,1],"4":[2,2],"5":[1,1],"6":[1,1],"7":[2,0],"8":[2,1,1,1,1,1],"9":[0,2,0],"10":[1,1],"11":[2,1,1],"12":[1,0],"13":[0,2],"14":[2,0,0,0,0,0,0],"15":[0,3],"16":[3,0],"17":[1,1],"18":[0,1],"19":[1,2,0,2],"20":[1,0],"21":[1,1],"22":[0,0],"23":[0,0],"24":[0,0],"25":[0,0],"26":[0,0],"27":[0,0],"28":[0,0]},"f":{"1":2,"2":2,"3":2,"4":2,"5":2,"6":2,"7":3,"8":3,"9":3,"10":1,"11":6,"12":0},"fnMap":{"1":{"name":"(anonymous_1)","line":26,"loc":{"start":{"line":26,"column":1},"end":{"line":26,"column":13}}},"2":{"name":"(anonymous_2)","line":33,"loc":{"start":{"line":33,"column":5},"end":{"line":33,"column":17}}},"3":{"name":"(anonymous_3)","line":37,"loc":{"start":{"line":37,"column":24},"end":{"line":37,"column":36}}},"4":{"name":"(anonymous_4)","line":69,"loc":{"start":{"line":69,"column":31},"end":{"line":69,"column":48}},"skip":true},"5":{"name":"(anonymous_5)","line":78,"loc":{"start":{"line":78,"column":26},"end":{"line":78,"column":45}},"skip":true},"6":{"name":"(anonymous_6)","line":123,"loc":{"start":{"line":123,"column":33},"end":{"line":123,"column":48}},"skip":true},"7":{"name":"(anonymous_7)","line":125,"loc":{"start":{"line":125,"column":27},"end":{"line":125,"column":39}},"skip":true},"8":{"name":"(anonymous_8)","line":133,"loc":{"start":{"line":133,"column":59},"end":{"line":133,"column":74}},"skip":true},"9":{"name":"(anonymous_9)","line":143,"loc":{"start":{"line":143,"column":45},"end":{"line":143,"column":62}},"skip":true},"10":{"name":"(anonymous_10)","line":144,"loc":{"start":{"line":144,"column":73},"end":{"line":144,"column":92}},"skip":true},"11":{"name":"(anonymous_11)","line":272,"loc":{"start":{"line":272,"column":51},"end":{"line":272,"column":77}},"skip":true},"12":{"name":"(anonymous_12)","line":315,"loc":{"start":{"line":315,"column":32},"end":{"line":315,"column":61}},"skip":true}},"statementMap":{"1":{"start":{"line":26,"column":0},"end":{"line":326,"column":5}},"2":{"start":{"line":28,"column":4},"end":{"line":28,"column":14}},"3":{"start":{"line":33,"column":4},"end":{"line":60,"column":9}},"4":{"start":{"line":35,"column":8},"end":{"line":35,"column":19}},"5":{"start":{"line":37,"column":8},"end":{"line":49,"column":13}},"6":{"start":{"line":38,"column":12},"end":{"line":48,"column":13}},"7":{"start":{"line":39,"column":16},"end":{"line":42,"column":30}},"8":{"start":{"line":44,"column":16},"end":{"line":47,"column":27}},"9":{"start":{"line":51,"column":8},"end":{"line":53,"column":21}},"10":{"start":{"line":55,"column":8},"end":{"line":57,"column":45}},"11":{"start":{"line":59,"column":8},"end":{"line":59,"column":35}},"12":{"start":{"line":61,"column":4},"end":{"line":325,"column":5}},"13":{"start":{"line":69,"column":8},"end":{"line":121,"column":10},"skip":true},"14":{"start":{"line":70,"column":12},"end":{"line":88,"column":13},"skip":true},"15":{"start":{"line":76,"column":16},"end":{"line":87,"column":19},"skip":true},"16":{"start":{"line":79,"column":20},"end":{"line":86,"column":21},"skip":true},"17":{"start":{"line":82,"column":24},"end":{"line":82,"column":43},"skip":true},"18":{"start":{"line":83,"column":24},"end":{"line":83,"column":30},"skip":true},"19":{"start":{"line":85,"column":24},"end":{"line":85,"column":49},"skip":true},"20":{"start":{"line":89,"column":12},"end":{"line":107,"column":13},"skip":true},"21":{"start":{"line":92,"column":16},"end":{"line":102,"column":17},"skip":true},"22":{"start":{"line":93,"column":20},"end":{"line":93,"column":86},"skip":true},"23":{"start":{"line":94,"column":20},"end":{"line":95,"column":45},"skip":true},"24":{"start":{"line":96,"column":20},"end":{"line":96,"column":42},"skip":true},"25":{"start":{"line":97,"column":20},"end":{"line":97,"column":48},"skip":true},"26":{"start":{"line":100,"column":20},"end":{"line":100,"column":85},"skip":true},"27":{"start":{"line":101,"column":20},"end":{"line":101,"column":96},"skip":true},"28":{"start":{"line":103,"column":16},"end":{"line":103,"column":22},"skip":true},"29":{"start":{"line":106,"column":16},"end":{"line":106,"column":22},"skip":true},"30":{"start":{"line":108,"column":12},"end":{"line":120,"column":13},"skip":true},"31":{"start":{"line":114,"column":16},"end":{"line":119,"column":17},"skip":true},"32":{"start":{"line":116,"column":20},"end":{"line":116,"column":78},"skip":true},"33":{"start":{"line":118,"column":20},"end":{"line":118,"column":47},"skip":true},"34":{"start":{"line":123,"column":8},"end":{"line":141,"column":11},"skip":true},"35":{"start":{"line":124,"column":12},"end":{"line":124,"column":54},"skip":true},"36":{"start":{"line":125,"column":12},"end":{"line":140,"column":14},"skip":true},"37":{"start":{"line":126,"column":16},"end":{"line":126,"column":28},"skip":true},"38":{"start":{"line":127,"column":16},"end":{"line":127,"column":69},"skip":true},"39":{"start":{"line":128,"column":16},"end":{"line":128,"column":75},"skip":true},"40":{"start":{"line":129,"column":16},"end":{"line":131,"column":17},"skip":true},"41":{"start":{"line":130,"column":20},"end":{"line":130,"column":27},"skip":true},"42":{"start":{"line":133,"column":16},"end":{"line":137,"column":36},"skip":true},"43":{"start":{"line":134,"column":20},"end":{"line":136,"column":55},"skip":true},"44":{"start":{"line":139,"column":16},"end":{"line":139,"column":57},"skip":true},"45":{"start":{"line":143,"column":8},"end":{"line":147,"column":11},"skip":true},"46":{"start":{"line":144,"column":12},"end":{"line":146,"column":15},"skip":true},"47":{"start":{"line":145,"column":16},"end":{"line":145,"column":70},"skip":true},"48":{"start":{"line":149,"column":8},"end":{"line":149,"column":31},"skip":true},"49":{"start":{"line":150,"column":8},"end":{"line":150,"column":14},"skip":true},"50":{"start":{"line":158,"column":8},"end":{"line":158,"column":31},"skip":true},"51":{"start":{"line":160,"column":8},"end":{"line":160,"column":33},"skip":true},"52":{"start":{"line":161,"column":8},"end":{"line":161,"column":37},"skip":true},"53":{"start":{"line":162,"column":8},"end":{"line":162,"column":35},"skip":true},"54":{"start":{"line":164,"column":8},"end":{"line":164,"column":50},"skip":true},"55":{"start":{"line":166,"column":8},"end":{"line":256,"column":2},"skip":true},"56":{"start":{"line":258,"column":8},"end":{"line":286,"column":9},"skip":true},"57":{"start":{"line":259,"column":12},"end":{"line":269,"column":14},"skip":true},"58":{"start":{"line":271,"column":12},"end":{"line":285,"column":19},"skip":true},"59":{"start":{"line":274,"column":20},"end":{"line":274,"column":35},"skip":true},"60":{"start":{"line":275,"column":20},"end":{"line":284,"column":21},"skip":true},"61":{"start":{"line":277,"column":24},"end":{"line":277,"column":64},"skip":true},"62":{"start":{"line":279,"column":24},"end":{"line":279,"column":40},"skip":true},"63":{"start":{"line":281,"column":24},"end":{"line":281,"column":40},"skip":true},"64":{"start":{"line":283,"column":24},"end":{"line":283,"column":39},"skip":true},"65":{"start":{"line":288,"column":8},"end":{"line":290,"column":9},"skip":true},"66":{"start":{"line":289,"column":12},"end":{"line":289,"column":18},"skip":true},"67":{"start":{"line":291,"column":8},"end":{"line":293,"column":54},"skip":true},"68":{"start":{"line":296,"column":8},"end":{"line":301,"column":37},"skip":true},"69":{"start":{"line":303,"column":8},"end":{"line":303,"column":82},"skip":true},"70":{"start":{"line":306,"column":8},"end":{"line":308,"column":9},"skip":true},"71":{"start":{"line":307,"column":12},"end":{"line":307,"column":82},"skip":true},"72":{"start":{"line":310,"column":8},"end":{"line":312,"column":9},"skip":true},"73":{"start":{"line":311,"column":12},"end":{"line":311,"column":18},"skip":true},"74":{"start":{"line":313,"column":8},"end":{"line":313,"column":54},"skip":true},"75":{"start":{"line":314,"column":8},"end":{"line":314,"column":69},"skip":true},"76":{"start":{"line":315,"column":8},"end":{"line":323,"column":36},"skip":true},"77":{"start":{"line":316,"column":12},"end":{"line":316,"column":61},"skip":true},"78":{"start":{"line":317,"column":12},"end":{"line":320,"column":13},"skip":true},"79":{"start":{"line":318,"column":16},"end":{"line":318,"column":75},"skip":true},"80":{"start":{"line":319,"column":16},"end":{"line":319,"column":23},"skip":true},"81":{"start":{"line":321,"column":12},"end":{"line":321,"column":38},"skip":true},"82":{"start":{"line":322,"column":12},"end":{"line":322,"column":27},"skip":true},"83":{"start":{"line":324,"column":8},"end":{"line":324,"column":14},"skip":true}},"branchMap":{"1":{"line":39,"type":"binary-expr","locations":[{"start":{"line":39,"column":23},"end":{"line":39,"column":62}},{"start":{"line":40,"column":20},"end":{"line":40,"column":70}},{"start":{"line":41,"column":20},"end":{"line":41,"column":71}},{"start":{"line":42,"column":20},"end":{"line":42,"column":29}}]},"2":{"line":44,"type":"binary-expr","locations":[{"start":{"line":44,"column":23},"end":{"line":44,"column":37}},{"start":{"line":45,"column":20},"end":{"line":45,"column":61}},{"start":{"line":46,"column":20},"end":{"line":46,"column":70}},{"start":{"line":47,"column":20},"end":{"line":47,"column":26}}]},"3":{"line":51,"type":"cond-expr","locations":[{"start":{"line":52,"column":14},"end":{"line":52,"column":20}},{"start":{"line":53,"column":14},"end":{"line":53,"column":20}}]},"4":{"line":55,"type":"binary-expr","locations":[{"start":{"line":55,"column":16},"end":{"line":55,"column":44}},{"start":{"line":55,"column":49},"end":{"line":57,"column":43}}]},"5":{"line":55,"type":"cond-expr","locations":[{"start":{"line":56,"column":14},"end":{"line":56,"column":51}},{"start":{"line":57,"column":14},"end":{"line":57,"column":43}}]},"6":{"line":61,"type":"switch","locations":[{"start":{"line":68,"column":4},"end":{"line":150,"column":14},"skip":true},{"start":{"line":156,"column":4},"end":{"line":324,"column":14},"skip":true}]},"7":{"line":70,"type":"if","locations":[{"start":{"line":70,"column":12},"end":{"line":70,"column":12},"skip":true},{"start":{"line":70,"column":12},"end":{"line":70,"column":12},"skip":true}]},"8":{"line":70,"type":"binary-expr","locations":[{"start":{"line":70,"column":16},"end":{"line":70,"column":22},"skip":true},{"start":{"line":70,"column":27},"end":{"line":70,"column":32},"skip":true},{"start":{"line":71,"column":20},"end":{"line":71,"column":39},"skip":true},{"start":{"line":72,"column":20},"end":{"line":72,"column":49},"skip":true},{"start":{"line":73,"column":20},"end":{"line":73,"column":58},"skip":true},{"start":{"line":74,"column":20},"end":{"line":74,"column":69},"skip":true}]},"9":{"line":79,"type":"switch","locations":[{"start":{"line":80,"column":20},"end":{"line":80,"column":33},"skip":true},{"start":{"line":81,"column":20},"end":{"line":83,"column":30},"skip":true},{"start":{"line":84,"column":20},"end":{"line":85,"column":49},"skip":true}]},"10":{"line":89,"type":"switch","locations":[{"start":{"line":90,"column":12},"end":{"line":103,"column":22},"skip":true},{"start":{"line":105,"column":12},"end":{"line":106,"column":22},"skip":true}]},"11":{"line":89,"type":"binary-expr","locations":[{"start":{"line":89,"column":20},"end":{"line":89,"column":25},"skip":true},{"start":{"line":89,"column":29},"end":{"line":89,"column":48},"skip":true},{"start":{"line":89,"column":52},"end":{"line":89,"column":74},"skip":true}]},"12":{"line":92,"type":"if","locations":[{"start":{"line":92,"column":16},"end":{"line":92,"column":16},"skip":true},{"start":{"line":92,"column":16},"end":{"line":92,"column":16},"skip":true}]},"13":{"line":108,"type":"if","locations":[{"start":{"line":108,"column":12},"end":{"line":108,"column":12},"skip":true},{"start":{"line":108,"column":12},"end":{"line":108,"column":12},"skip":true}]},"14":{"line":108,"type":"binary-expr","locations":[{"start":{"line":108,"column":16},"end":{"line":108,"column":61},"skip":true},{"start":{"line":108,"column":66},"end":{"line":108,"column":72},"skip":true},{"start":{"line":108,"column":77},"end":{"line":108,"column":82},"skip":true},{"start":{"line":109,"column":20},"end":{"line":109,"column":39},"skip":true},{"start":{"line":110,"column":20},"end":{"line":110,"column":49},"skip":true},{"start":{"line":111,"column":20},"end":{"line":111,"column":58},"skip":true},{"start":{"line":112,"column":20},"end":{"line":112,"column":68},"skip":true}]},"15":{"line":129,"type":"if","locations":[{"start":{"line":129,"column":16},"end":{"line":129,"column":16},"skip":true},{"start":{"line":129,"column":16},"end":{"line":129,"column":16},"skip":true}]},"16":{"line":134,"type":"cond-expr","locations":[{"start":{"line":135,"column":26},"end":{"line":135,"column":29},"skip":true},{"start":{"line":136,"column":26},"end":{"line":136,"column":54},"skip":true}]},"17":{"line":164,"type":"binary-expr","locations":[{"start":{"line":164,"column":27},"end":{"line":164,"column":43},"skip":true},{"start":{"line":164,"column":47},"end":{"line":164,"column":49},"skip":true}]},"18":{"line":258,"type":"if","locations":[{"start":{"line":258,"column":8},"end":{"line":258,"column":8},"skip":true},{"start":{"line":258,"column":8},"end":{"line":258,"column":8},"skip":true}]},"19":{"line":275,"type":"switch","locations":[{"start":{"line":276,"column":20},"end":{"line":277,"column":64},"skip":true},{"start":{"line":278,"column":20},"end":{"line":279,"column":40},"skip":true},{"start":{"line":280,"column":20},"end":{"line":281,"column":40},"skip":true},{"start":{"line":282,"column":20},"end":{"line":283,"column":39},"skip":true}]},"20":{"line":288,"type":"if","locations":[{"start":{"line":288,"column":8},"end":{"line":288,"column":8},"skip":true},{"start":{"line":288,"column":8},"end":{"line":288,"column":8},"skip":true}]},"21":{"line":288,"type":"binary-expr","locations":[{"start":{"line":288,"column":12},"end":{"line":288,"column":40},"skip":true},{"start":{"line":288,"column":44},"end":{"line":288,"column":67},"skip":true}]},"22":{"line":292,"type":"binary-expr","locations":[{"start":{"line":292,"column":12},"end":{"line":292,"column":50},"skip":true},{"start":{"line":293,"column":12},"end":{"line":293,"column":53},"skip":true}]},"23":{"line":297,"type":"binary-expr","locations":[{"start":{"line":297,"column":12},"end":{"line":297,"column":65},"skip":true},{"start":{"line":298,"column":12},"end":{"line":301,"column":36},"skip":true}]},"24":{"line":303,"type":"binary-expr","locations":[{"start":{"line":303,"column":43},"end":{"line":303,"column":75},"skip":true},{"start":{"line":303,"column":79},"end":{"line":303,"column":81},"skip":true}]},"25":{"line":306,"type":"if","locations":[{"start":{"line":306,"column":8},"end":{"line":306,"column":8},"skip":true},{"start":{"line":306,"column":8},"end":{"line":306,"column":8},"skip":true}]},"26":{"line":310,"type":"if","locations":[{"start":{"line":310,"column":8},"end":{"line":310,"column":8},"skip":true},{"start":{"line":310,"column":8},"end":{"line":310,"column":8},"skip":true}]},"27":{"line":313,"type":"binary-expr","locations":[{"start":{"line":313,"column":27},"end":{"line":313,"column":43},"skip":true},{"start":{"line":313,"column":47},"end":{"line":313,"column":53},"skip":true}]},"28":{"line":317,"type":"if","locations":[{"start":{"line":317,"column":12},"end":{"line":317,"column":12},"skip":true},{"start":{"line":317,"column":12},"end":{"line":317,"column":12},"skip":true}]}},"code":["/*","example.js","","quickstart example","","instruction","    1. save this script as example.js","    2. run the shell command:","        $ npm install npmtest-webshot && PORT=8081 node example.js","    3. play with the browser-demo on http://127.0.0.1:8081","*/","","","","/* istanbul instrument in package npmtest_webshot */","/*jslint","    bitwise: true,","    browser: true,","    maxerr: 8,","    maxlen: 96,","    node: true,","    nomen: true,","    regexp: true,","    stupid: true","*/","(function () {","    'use strict';","    var local;","","","","    // run shared js-env code - pre-init","    (function () {","        // init local","        local = {};","        // init modeJs","        local.modeJs = (function () {","            try {","                return typeof navigator.userAgent === 'string' &&","                    typeof document.querySelector('body') === 'object' &&","                    typeof XMLHttpRequest.prototype.open === 'function' &&","                    'browser';","            } catch (errorCaughtBrowser) {","                return module.exports &&","                    typeof process.versions.node === 'string' &&","                    typeof require('http').createServer === 'function' &&","                    'node';","            }","        }());","        // init global","        local.global = local.modeJs === 'browser'","            ? window","            : global;","        // init utility2_rollup","        local = local.global.utility2_rollup || (local.modeJs === 'browser'","            ? local.global.utility2_npmtest_webshot","            : global.utility2_moduleExports);","        // export local","        local.global.local = local;","    }());","    switch (local.modeJs) {","","","","    // post-init","    // run browser js-env code - post-init","    /* istanbul ignore next */","    case 'browser':","        local.testRunBrowser = function (event) {","            if (!event || (event &&","                    event.currentTarget &&","                    event.currentTarget.className &&","                    event.currentTarget.className.includes &&","                    event.currentTarget.className.includes('onreset'))) {","                // reset output","                Array.from(","                    document.querySelectorAll('body > .resettable')","                ).forEach(function (element) {","                    switch (element.tagName) {","                    case 'INPUT':","                    case 'TEXTAREA':","                        element.value = '';","                        break;","                    default:","                        element.textContent = '';","                    }","                });","            }","            switch (event && event.currentTarget && event.currentTarget.id) {","            case 'testRunButton1':","                // show tests","                if (document.querySelector('#testReportDiv1').style.display === 'none') {","                    document.querySelector('#testReportDiv1').style.display = 'block';","                    document.querySelector('#testRunButton1').textContent =","                        'hide internal test';","                    local.modeTest = true;","                    local.testRunDefault(local);","                // hide tests","                } else {","                    document.querySelector('#testReportDiv1').style.display = 'none';","                    document.querySelector('#testRunButton1').textContent = 'run internal test';","                }","                break;","            // custom-case","            default:","                break;","            }","            if (document.querySelector('#inputTextareaEval1') && (!event || (event &&","                    event.currentTarget &&","                    event.currentTarget.className &&","                    event.currentTarget.className.includes &&","                    event.currentTarget.className.includes('oneval')))) {","                // try to eval input-code","                try {","                    /*jslint evil: true*/","                    eval(document.querySelector('#inputTextareaEval1').value);","                } catch (errorCaught) {","                    console.error(errorCaught);","                }","            }","        };","        // log stderr and stdout to #outputTextareaStdout1","        ['error', 'log'].forEach(function (key) {","            console[key + '_original'] = console[key];","            console[key] = function () {","                var element;","                console[key + '_original'].apply(console, arguments);","                element = document.querySelector('#outputTextareaStdout1');","                if (!element) {","                    return;","                }","                // append text to #outputTextareaStdout1","                element.value += Array.from(arguments).map(function (arg) {","                    return typeof arg === 'string'","                        ? arg","                        : JSON.stringify(arg, null, 4);","                }).join(' ') + '\\n';","                // scroll textarea to bottom","                element.scrollTop = element.scrollHeight;","            };","        });","        // init event-handling","        ['change', 'click', 'keyup'].forEach(function (event) {","            Array.from(document.querySelectorAll('.on' + event)).forEach(function (element) {","                element.addEventListener(event, local.testRunBrowser);","            });","        });","        // run tests","        local.testRunBrowser();","        break;","","","","    // run node js-env code - post-init","    /* istanbul ignore next */","    case 'node':","        // export local","        module.exports = local;","        // require modules","        local.fs = require('fs');","        local.http = require('http');","        local.url = require('url');","        // init assets","        local.assetsDict = local.assetsDict || {};","        /* jslint-ignore-begin */","        local.assetsDict['/assets.index.template.html'] = '\\","<!doctype html>\\n\\","<html lang=\"en\">\\n\\","<head>\\n\\","<meta charset=\"UTF-8\">\\n\\","<meta name=\"viewport\" content=\"width=device-width, initial-scale=1\">\\n\\","<title>{{env.npm_package_name}} (v{{env.npm_package_version}})</title>\\n\\","<style>\\n\\","/*csslint\\n\\","    box-sizing: false,\\n\\","    universal-selector: false\\n\\","*/\\n\\","* {\\n\\","    box-sizing: border-box;\\n\\","}\\n\\","body {\\n\\","    background: #dde;\\n\\","    font-family: Arial, Helvetica, sans-serif;\\n\\","    margin: 2rem;\\n\\","}\\n\\","body > * {\\n\\","    margin-bottom: 1rem;\\n\\","}\\n\\",".utility2FooterDiv {\\n\\","    margin-top: 20px;\\n\\","    text-align: center;\\n\\","}\\n\\","</style>\\n\\","<style>\\n\\","/*csslint\\n\\","*/\\n\\","textarea {\\n\\","    font-family: monospace;\\n\\","    height: 10rem;\\n\\","    width: 100%;\\n\\","}\\n\\","textarea[readonly] {\\n\\","    background: #ddd;\\n\\","}\\n\\","</style>\\n\\","</head>\\n\\","<body>\\n\\","<!-- utility2-comment\\n\\","<div id=\"ajaxProgressDiv1\" style=\"background: #d00; height: 2px; left: 0; margin: 0; padding: 0; position: fixed; top: 0; transition: background 0.5s, width 1.5s; width: 25%;\"></div>\\n\\","utility2-comment -->\\n\\","<h1>\\n\\","<!-- utility2-comment\\n\\","    <a\\n\\","        {{#if env.npm_package_homepage}}\\n\\","        href=\"{{env.npm_package_homepage}}\"\\n\\","        {{/if env.npm_package_homepage}}\\n\\","        target=\"_blank\"\\n\\","    >\\n\\","utility2-comment -->\\n\\","        {{env.npm_package_name}} (v{{env.npm_package_version}})\\n\\","<!-- utility2-comment\\n\\","    </a>\\n\\","utility2-comment -->\\n\\","</h1>\\n\\","<h3>{{env.npm_package_description}}</h3>\\n\\","<!-- utility2-comment\\n\\","<h4><a download href=\"assets.app.js\">download standalone app</a></h4>\\n\\","<button class=\"onclick onreset\" id=\"testRunButton1\">run internal test</button><br>\\n\\","<div id=\"testReportDiv1\" style=\"display: none;\"></div>\\n\\","utility2-comment -->\\n\\","\\n\\","\\n\\","\\n\\","<label>stderr and stdout</label>\\n\\","<textarea class=\"resettable\" id=\"outputTextareaStdout1\" readonly></textarea>\\n\\","<!-- utility2-comment\\n\\","{{#if isRollup}}\\n\\","<script src=\"assets.app.js\"></script>\\n\\","{{#unless isRollup}}\\n\\","utility2-comment -->\\n\\","<script src=\"assets.utility2.rollup.js\"></script>\\n\\","<script src=\"jsonp.utility2._stateInit?callback=window.utility2._stateInit\"></script>\\n\\","<script src=\"assets.npmtest_webshot.rollup.js\"></script>\\n\\","<script src=\"assets.example.js\"></script>\\n\\","<script src=\"assets.test.js\"></script>\\n\\","<!-- utility2-comment\\n\\","{{/if isRollup}}\\n\\","utility2-comment -->\\n\\","<div class=\"utility2FooterDiv\">\\n\\","    [ this app was created with\\n\\","    <a href=\"https://github.com/kaizhu256/node-utility2\" target=\"_blank\">utility2</a>\\n\\","    ]\\n\\","</div>\\n\\","</body>\\n\\","</html>\\n\\","';","        /* jslint-ignore-end */","        if (local.templateRender) {","            local.assetsDict['/'] = local.templateRender(","                local.assetsDict['/assets.index.template.html'],","                {","                    env: local.objectSetDefault(local.env, {","                        npm_package_description: 'the greatest app in the world!',","                        npm_package_name: 'my-app',","                        npm_package_nameAlias: 'my_app',","                        npm_package_version: '0.0.1'","                    })","                }","            );","        } else {","            local.assetsDict['/'] = local.assetsDict['/assets.index.template.html']","                .replace((/\\{\\{env\\.(\\w+?)\\}\\}/g), function (match0, match1) {","                    // jslint-hack","                    String(match0);","                    switch (match1) {","                    case 'npm_package_description':","                        return 'the greatest app in the world!';","                    case 'npm_package_name':","                        return 'my-app';","                    case 'npm_package_nameAlias':","                        return 'my_app';","                    case 'npm_package_version':","                        return '0.0.1';","                    }","                });","        }","        // run the cli","        if (local.global.utility2_rollup || module !== require.main) {","            break;","        }","        local.assetsDict['/assets.example.js'] =","            local.assetsDict['/assets.example.js'] ||","            local.fs.readFileSync(__filename, 'utf8');","        // bug-workaround - long $npm_package_buildCustomOrg","        /* jslint-ignore-begin */","        local.assetsDict['/assets.npmtest_webshot.rollup.js'] =","            local.assetsDict['/assets.npmtest_webshot.rollup.js'] ||","            local.fs.readFileSync(","                local.npmtest_webshot.__dirname + '/lib.npmtest_webshot.js',","                'utf8'","            ).replace((/^#!/), '//');","        /* jslint-ignore-end */","        local.assetsDict['/favicon.ico'] = local.assetsDict['/favicon.ico'] || '';","        // if $npm_config_timeout_exit exists,","        // then exit this process after $npm_config_timeout_exit ms","        if (Number(process.env.npm_config_timeout_exit)) {","            setTimeout(process.exit, Number(process.env.npm_config_timeout_exit));","        }","        // start server","        if (local.global.utility2_serverHttp1) {","            break;","        }","        process.env.PORT = process.env.PORT || '8081';","        console.error('server starting on port ' + process.env.PORT);","        local.http.createServer(function (request, response) {","            request.urlParsed = local.url.parse(request.url);","            if (local.assetsDict[request.urlParsed.pathname] !== undefined) {","                response.end(local.assetsDict[request.urlParsed.pathname]);","                return;","            }","            response.statusCode = 404;","            response.end();","        }).listen(process.env.PORT);","        break;","    }","}());",""],"l":{"26":2,"28":2,"33":2,"35":2,"37":2,"38":2,"39":2,"44":1,"51":2,"55":2,"59":2,"61":2,"69":1,"70":2,"76":2,"79":2,"82":2,"83":2,"85":1,"89":2,"92":1,"93":1,"94":1,"96":1,"97":1,"100":1,"101":1,"103":1,"106":1,"108":2,"114":1,"116":1,"118":1,"123":1,"124":2,"125":2,"126":3,"127":3,"128":3,"129":3,"130":1,"133":3,"134":3,"139":3,"143":1,"144":3,"145":1,"149":1,"150":1,"158":1,"160":1,"161":1,"162":1,"164":1,"166":1,"258":1,"259":1,"271":1,"274":6,"275":6,"277":1,"279":2,"281":1,"283":2,"288":1,"289":1,"291":1,"296":1,"303":1,"306":1,"307":1,"310":1,"311":1,"313":1,"314":1,"315":1,"316":1,"317":1,"318":1,"319":1,"321":1,"322":1,"324":1}},"/home/travis/build/npmtest/node-npmtest-webshot/node_modules/webshot/lib/webshot.js":{"path":"/home/travis/build/npmtest/node-npmtest-webshot/node_modules/webshot/lib/webshot.js","s":{"1":1,"2":1,"3":0,"4":0,"5":0,"6":0,"7":0,"8":0,"9":0,"10":0,"11":0,"12":0,"13":0,"14":0,"15":0,"16":0,"17":0,"18":0,"19":0,"20":0,"21":0,"22":0,"23":0,"24":0,"25":0,"26":0,"27":0,"28":0,"29":0,"30":0,"31":0,"32":0,"33":0,"34":0,"35":0,"36":0,"37":0,"38":0,"39":0,"40":0,"41":0,"42":0,"43":0,"44":0,"45":0,"46":0,"47":0,"48":0,"49":0,"50":0,"51":0,"52":0,"53":0,"54":1,"55":0,"56":0,"57":0,"58":0,"59":0,"60":0,"61":0,"62":0,"63":0,"64":0,"65":0,"66":0,"67":0,"68":0,"69":1,"70":0,"71":0,"72":0,"73":0,"74":0,"75":0,"76":0,"77":0,"78":0,"79":0,"80":0,"81":0,"82":0,"83":0,"84":0,"85":0,"86":0,"87":0,"88":0,"89":0,"90":0,"91":0,"92":0,"93":0,"94":0,"95":0,"96":0,"97":0,"98":0,"99":0,"100":0,"101":0,"102":0,"103":0,"104":0,"105":0,"106":0,"107":0,"108":0,"109":0,"110":0,"111":0,"112":0,"113":0},"b":{"1":[0,0],"2":[0,0],"3":[0,0],"4":[0,0],"5":[0,0],"6":[0,0],"7":[0,0],"8":[0,0],"9":[0,0],"10":[0,0],"11":[0,0],"12":[0,0],"13":[0,0],"14":[0,0],"15":[0,0],"16":[0,0],"17":[0,0],"18":[0,0],"19":[0,0],"20":[0,0],"21":[0,0],"22":[0,0],"23":[0,0],"24":[0,0],"25":[0,0],"26":[0,0],"27":[0,0],"28":[0,0],"29":[0,0],"30":[0,0],"31":[0,0]},"f":{"1":0,"2":0,"3":0,"4":0,"5":0,"6":0,"7":0,"8":0,"9":0,"10":0,"11":0,"12":0,"13":0,"14":0},"fnMap":{"1":{"name":"(anonymous_1)","line":11,"loc":{"start":{"line":11,"column":17},"end":{"line":11,"column":28}}},"2":{"name":"(anonymous_2)","line":95,"loc":{"start":{"line":95,"column":14},"end":{"line":95,"column":25}}},"3":{"name":"(anonymous_3)","line":110,"loc":{"start":{"line":110,"column":20},"end":{"line":110,"column":37}}},"4":{"name":"(anonymous_4)","line":112,"loc":{"start":{"line":112,"column":24},"end":{"line":112,"column":38}}},"5":{"name":"processOptions","line":133,"loc":{"start":{"line":133,"column":0},"end":{"line":133,"column":43}}},"6":{"name":"(anonymous_6)","line":153,"loc":{"start":{"line":153,"column":35},"end":{"line":153,"column":56}}},"7":{"name":"spawnPhantom","line":181,"loc":{"start":{"line":181,"column":0},"end":{"line":181,"column":58}}},"8":{"name":"(anonymous_8)","line":196,"loc":{"start":{"line":196,"column":57},"end":{"line":196,"column":72}}},"9":{"name":"(anonymous_9)","line":211,"loc":{"start":{"line":211,"column":27},"end":{"line":211,"column":38}}},"10":{"name":"(anonymous_10)","line":234,"loc":{"start":{"line":234,"column":34},"end":{"line":234,"column":49}}},"11":{"name":"(anonymous_11)","line":242,"loc":{"start":{"line":242,"column":27},"end":{"line":242,"column":42}}},"12":{"name":"(anonymous_12)","line":257,"loc":{"start":{"line":257,"column":34},"end":{"line":257,"column":49}}},"13":{"name":"(anonymous_13)","line":262,"loc":{"start":{"line":262,"column":34},"end":{"line":262,"column":49}}},"14":{"name":"(anonymous_14)","line":268,"loc":{"start":{"line":268,"column":27},"end":{"line":268,"column":38}}}},"statementMap":{"1":{"start":{"line":1,"column":0},"end":{"line":9,"column":40}},"2":{"start":{"line":11,"column":0},"end":{"line":123,"column":2}},"3":{"start":{"line":14,"column":2},"end":{"line":14,"column":54}},"4":{"start":{"line":15,"column":2},"end":{"line":15,"column":16}},"5":{"start":{"line":16,"column":2},"end":{"line":16,"column":19}},"6":{"start":{"line":17,"column":2},"end":{"line":17,"column":18}},"7":{"start":{"line":25,"column":2},"end":{"line":25,"column":26}},"8":{"start":{"line":32,"column":2},"end":{"line":32,"column":35}},"9":{"start":{"line":34,"column":2},"end":{"line":36,"column":3}},"10":{"start":{"line":35,"column":4},"end":{"line":35,"column":20}},"11":{"start":{"line":43,"column":2},"end":{"line":59,"column":3}},"12":{"start":{"line":46,"column":6},"end":{"line":46,"column":27}},"13":{"start":{"line":48,"column":6},"end":{"line":52,"column":7}},"14":{"start":{"line":49,"column":8},"end":{"line":49,"column":19}},"15":{"start":{"line":51,"column":8},"end":{"line":51,"column":22}},"16":{"start":{"line":53,"column":4},"end":{"line":53,"column":10}},"17":{"start":{"line":56,"column":6},"end":{"line":56,"column":26}},"18":{"start":{"line":57,"column":6},"end":{"line":57,"column":29}},"19":{"start":{"line":58,"column":4},"end":{"line":58,"column":10}},"20":{"start":{"line":61,"column":2},"end":{"line":61,"column":24}},"21":{"start":{"line":62,"column":2},"end":{"line":62,"column":74}},"22":{"start":{"line":65,"column":2},"end":{"line":67,"column":17}},"23":{"start":{"line":66,"column":4},"end":{"line":66,"column":62}},"24":{"start":{"line":69,"column":2},"end":{"line":69,"column":46}},"25":{"start":{"line":72,"column":2},"end":{"line":74,"column":25}},"26":{"start":{"line":76,"column":2},"end":{"line":80,"column":3}},"27":{"start":{"line":77,"column":4},"end":{"line":79,"column":34}},"28":{"start":{"line":83,"column":2},"end":{"line":87,"column":3}},"29":{"start":{"line":84,"column":4},"end":{"line":84,"column":69}},"30":{"start":{"line":85,"column":4},"end":{"line":85,"column":27}},"31":{"start":{"line":85,"column":12},"end":{"line":85,"column":27}},"32":{"start":{"line":86,"column":4},"end":{"line":86,"column":14}},"33":{"start":{"line":90,"column":2},"end":{"line":92,"column":3}},"34":{"start":{"line":91,"column":4},"end":{"line":91,"column":62}},"35":{"start":{"line":95,"column":2},"end":{"line":107,"column":4}},"36":{"start":{"line":96,"column":4},"end":{"line":106,"column":5}},"37":{"start":{"line":97,"column":6},"end":{"line":97,"column":31}},"38":{"start":{"line":98,"column":6},"end":{"line":98,"column":29}},"39":{"start":{"line":99,"column":6},"end":{"line":99,"column":48}},"40":{"start":{"line":100,"column":6},"end":{"line":100,"column":23}},"41":{"start":{"line":101,"column":6},"end":{"line":101,"column":32}},"42":{"start":{"line":102,"column":6},"end":{"line":102,"column":21}},"43":{"start":{"line":103,"column":6},"end":{"line":103,"column":21}},"44":{"start":{"line":105,"column":6},"end":{"line":105,"column":62}},"45":{"start":{"line":109,"column":2},"end":{"line":122,"column":3}},"46":{"start":{"line":110,"column":4},"end":{"line":119,"column":7}},"47":{"start":{"line":111,"column":6},"end":{"line":118,"column":7}},"48":{"start":{"line":112,"column":8},"end":{"line":115,"column":11}},"49":{"start":{"line":113,"column":10},"end":{"line":113,"column":34}},"50":{"start":{"line":113,"column":19},"end":{"line":113,"column":34}},"51":{"start":{"line":114,"column":10},"end":{"line":114,"column":25}},"52":{"start":{"line":117,"column":8},"end":{"line":117,"column":23}},"53":{"start":{"line":121,"column":4},"end":{"line":121,"column":19}},"54":{"start":{"line":133,"column":0},"end":{"line":169,"column":1}},"55":{"start":{"line":136,"column":2},"end":{"line":136,"column":64}},"56":{"start":{"line":139,"column":2},"end":{"line":142,"column":3}},"57":{"start":{"line":140,"column":4},"end":{"line":140,"column":46}},"58":{"start":{"line":141,"column":4},"end":{"line":141,"column":51}},"59":{"start":{"line":145,"column":2},"end":{"line":147,"column":3}},"60":{"start":{"line":146,"column":4},"end":{"line":146,"column":70}},"61":{"start":{"line":150,"column":2},"end":{"line":150,"column":62}},"62":{"start":{"line":153,"column":2},"end":{"line":166,"column":5}},"63":{"start":{"line":154,"column":4},"end":{"line":154,"column":41}},"64":{"start":{"line":156,"column":4},"end":{"line":165,"column":5}},"65":{"start":{"line":157,"column":6},"end":{"line":164,"column":7}},"66":{"start":{"line":158,"column":8},"end":{"line":161,"column":10}},"67":{"start":{"line":163,"column":8},"end":{"line":163,"column":39}},"68":{"start":{"line":168,"column":2},"end":{"line":168,"column":22}},"69":{"start":{"line":181,"column":0},"end":{"line":278,"column":1}},"70":{"start":{"line":184,"column":2},"end":{"line":187,"column":41}},"71":{"start":{"line":189,"column":2},"end":{"line":189,"column":30}},"72":{"start":{"line":190,"column":2},"end":{"line":190,"column":30}},"73":{"start":{"line":191,"column":2},"end":{"line":191,"column":40}},"74":{"start":{"line":193,"column":2},"end":{"line":193,"column":69}},"75":{"start":{"line":195,"column":2},"end":{"line":199,"column":3}},"76":{"start":{"line":196,"column":4},"end":{"line":198,"column":27}},"77":{"start":{"line":197,"column":6},"end":{"line":197,"column":59}},"78":{"start":{"line":201,"column":2},"end":{"line":201,"column":71}},"79":{"start":{"line":204,"column":2},"end":{"line":204,"column":23}},"80":{"start":{"line":207,"column":2},"end":{"line":207,"column":29}},"81":{"start":{"line":210,"column":2},"end":{"line":231,"column":3}},"82":{"start":{"line":211,"column":4},"end":{"line":230,"column":24}},"83":{"start":{"line":218,"column":6},"end":{"line":229,"column":7}},"84":{"start":{"line":219,"column":8},"end":{"line":219,"column":30}},"85":{"start":{"line":222,"column":8},"end":{"line":222,"column":36}},"86":{"start":{"line":225,"column":8},"end":{"line":226,"column":48}},"87":{"start":{"line":227,"column":8},"end":{"line":227,"column":31}},"88":{"start":{"line":227,"column":16},"end":{"line":227,"column":31}},"89":{"start":{"line":228,"column":8},"end":{"line":228,"column":29}},"90":{"start":{"line":233,"column":2},"end":{"line":277,"column":3}},"91":{"start":{"line":234,"column":4},"end":{"line":240,"column":7}},"92":{"start":{"line":235,"column":6},"end":{"line":239,"column":7}},"93":{"start":{"line":236,"column":8},"end":{"line":236,"column":30}},"94":{"start":{"line":237,"column":8},"end":{"line":237,"column":32}},"95":{"start":{"line":238,"column":8},"end":{"line":238,"column":32}},"96":{"start":{"line":242,"column":4},"end":{"line":252,"column":7}},"97":{"start":{"line":243,"column":6},"end":{"line":251,"column":7}},"98":{"start":{"line":244,"column":8},"end":{"line":244,"column":30}},"99":{"start":{"line":247,"column":8},"end":{"line":247,"column":32}},"100":{"start":{"line":248,"column":8},"end":{"line":250,"column":18}},"101":{"start":{"line":254,"column":4},"end":{"line":254,"column":32}},"102":{"start":{"line":255,"column":4},"end":{"line":255,"column":22}},"103":{"start":{"line":257,"column":4},"end":{"line":260,"column":7}},"104":{"start":{"line":258,"column":6},"end":{"line":258,"column":30}},"105":{"start":{"line":259,"column":6},"end":{"line":259,"column":52}},"106":{"start":{"line":262,"column":4},"end":{"line":266,"column":7}},"107":{"start":{"line":263,"column":6},"end":{"line":265,"column":7}},"108":{"start":{"line":264,"column":8},"end":{"line":264,"column":33}},"109":{"start":{"line":268,"column":4},"end":{"line":270,"column":7}},"110":{"start":{"line":269,"column":6},"end":{"line":269,"column":20}},"111":{"start":{"line":272,"column":4},"end":{"line":276,"column":5}},"112":{"start":{"line":273,"column":6},"end":{"line":273,"column":18}},"113":{"start":{"line":275,"column":6},"end":{"line":275,"column":15}}},"branchMap":{"1":{"line":34,"type":"if","locations":[{"start":{"line":34,"column":2},"end":{"line":34,"column":2}},{"start":{"line":34,"column":2},"end":{"line":34,"column":2}}]},"2":{"line":43,"type":"switch","locations":[{"start":{"line":45,"column":4},"end":{"line":53,"column":10}},{"start":{"line":55,"column":4},"end":{"line":58,"column":10}}]},"3":{"line":48,"type":"if","locations":[{"start":{"line":48,"column":6},"end":{"line":48,"column":6}},{"start":{"line":48,"column":6},"end":{"line":48,"column":6}}]},"4":{"line":72,"type":"cond-expr","locations":[{"start":{"line":73,"column":6},"end":{"line":73,"column":67}},{"start":{"line":74,"column":6},"end":{"line":74,"column":24}}]},"5":{"line":73,"type":"binary-expr","locations":[{"start":{"line":73,"column":23},"end":{"line":73,"column":45}},{"start":{"line":73,"column":49},"end":{"line":73,"column":61}}]},"6":{"line":76,"type":"if","locations":[{"start":{"line":76,"column":2},"end":{"line":76,"column":2}},{"start":{"line":76,"column":2},"end":{"line":76,"column":2}}]},"7":{"line":83,"type":"if","locations":[{"start":{"line":83,"column":2},"end":{"line":83,"column":2}},{"start":{"line":83,"column":2},"end":{"line":83,"column":2}}]},"8":{"line":85,"type":"if","locations":[{"start":{"line":85,"column":4},"end":{"line":85,"column":4}},{"start":{"line":85,"column":4},"end":{"line":85,"column":4}}]},"9":{"line":90,"type":"if","locations":[{"start":{"line":90,"column":2},"end":{"line":90,"column":2}},{"start":{"line":90,"column":2},"end":{"line":90,"column":2}}]},"10":{"line":91,"type":"cond-expr","locations":[{"start":{"line":91,"column":38},"end":{"line":91,"column":42}},{"start":{"line":91,"column":45},"end":{"line":91,"column":61}}]},"11":{"line":96,"type":"if","locations":[{"start":{"line":96,"column":4},"end":{"line":96,"column":4}},{"start":{"line":96,"column":4},"end":{"line":96,"column":4}}]},"12":{"line":109,"type":"if","locations":[{"start":{"line":109,"column":2},"end":{"line":109,"column":2}},{"start":{"line":109,"column":2},"end":{"line":109,"column":2}}]},"13":{"line":111,"type":"if","locations":[{"start":{"line":111,"column":6},"end":{"line":111,"column":6}},{"start":{"line":111,"column":6},"end":{"line":111,"column":6}}]},"14":{"line":113,"type":"if","locations":[{"start":{"line":113,"column":10},"end":{"line":113,"column":10}},{"start":{"line":113,"column":10},"end":{"line":113,"column":10}}]},"15":{"line":136,"type":"binary-expr","locations":[{"start":{"line":136,"column":23},"end":{"line":136,"column":41}},{"start":{"line":136,"column":45},"end":{"line":136,"column":63}}]},"16":{"line":139,"type":"if","locations":[{"start":{"line":139,"column":2},"end":{"line":139,"column":2}},{"start":{"line":139,"column":2},"end":{"line":139,"column":2}}]},"17":{"line":140,"type":"binary-expr","locations":[{"start":{"line":140,"column":23},"end":{"line":140,"column":39}},{"start":{"line":140,"column":43},"end":{"line":140,"column":45}}]},"18":{"line":145,"type":"if","locations":[{"start":{"line":145,"column":2},"end":{"line":145,"column":2}},{"start":{"line":145,"column":2},"end":{"line":145,"column":2}}]},"19":{"line":146,"type":"binary-expr","locations":[{"start":{"line":146,"column":29},"end":{"line":146,"column":51}},{"start":{"line":146,"column":55},"end":{"line":146,"column":69}}]},"20":{"line":156,"type":"if","locations":[{"start":{"line":156,"column":4},"end":{"line":156,"column":4}},{"start":{"line":156,"column":4},"end":{"line":156,"column":4}}]},"21":{"line":157,"type":"if","locations":[{"start":{"line":157,"column":6},"end":{"line":157,"column":6}},{"start":{"line":157,"column":6},"end":{"line":157,"column":6}}]},"22":{"line":195,"type":"if","locations":[{"start":{"line":195,"column":2},"end":{"line":195,"column":2}},{"start":{"line":195,"column":2},"end":{"line":195,"column":2}}]},"23":{"line":210,"type":"if","locations":[{"start":{"line":210,"column":2},"end":{"line":210,"column":2}},{"start":{"line":210,"column":2},"end":{"line":210,"column":2}}]},"24":{"line":218,"type":"if","locations":[{"start":{"line":218,"column":6},"end":{"line":218,"column":6}},{"start":{"line":218,"column":6},"end":{"line":218,"column":6}}]},"25":{"line":227,"type":"if","locations":[{"start":{"line":227,"column":8},"end":{"line":227,"column":8}},{"start":{"line":227,"column":8},"end":{"line":227,"column":8}}]},"26":{"line":233,"type":"if","locations":[{"start":{"line":233,"column":2},"end":{"line":233,"column":2}},{"start":{"line":233,"column":2},"end":{"line":233,"column":2}}]},"27":{"line":235,"type":"if","locations":[{"start":{"line":235,"column":6},"end":{"line":235,"column":6}},{"start":{"line":235,"column":6},"end":{"line":235,"column":6}}]},"28":{"line":243,"type":"if","locations":[{"start":{"line":243,"column":6},"end":{"line":243,"column":6}},{"start":{"line":243,"column":6},"end":{"line":243,"column":6}}]},"29":{"line":248,"type":"cond-expr","locations":[{"start":{"line":249,"column":12},"end":{"line":249,"column":67}},{"start":{"line":250,"column":12},"end":{"line":250,"column":16}}]},"30":{"line":263,"type":"if","locations":[{"start":{"line":263,"column":6},"end":{"line":263,"column":6}},{"start":{"line":263,"column":6},"end":{"line":263,"column":6}}]},"31":{"line":272,"type":"if","locations":[{"start":{"line":272,"column":4},"end":{"line":272,"column":4}},{"start":{"line":272,"column":4},"end":{"line":272,"column":4}}]}},"code":["var url = require('url')","  , fs = require('graceful-fs')","  , tmp = require('tmp')","  , stream = require('stream')","  , crossSpawn = require('cross-spawn')","  , optUtils = require('./options')","  , phantomScript = __dirname + '/webshot.phantom.js'","  , extensions = ['jpeg', 'jpg', 'png', 'pdf']","  , siteTypes = ['url', 'html', 'file'];","","module.exports = function() {","","  // Process arguments","  var args = Array.prototype.slice.call(arguments, 0);","  var cb = null;","  var options = {};","  var path = null;","","  /*","    Possible valid arguments:","    SITE, <OPTIONS>, CB","    SITE, <OPTIONS>","    SITE, PATH, <OPTIONS>, CB","  */","  var site = args.shift();","","  /*","    <OPTIONS>, CB","    <OPTIONS>","    PATH, <OPTIONS>, CB","  */","  var last = args[args.length - 1];","","  if (Object.prototype.toString.call(last) == '[object Function]') {","    cb = args.pop();","  }","","  /*","    <OPTIONS>","    <OPTIONS>","    PATH, <OPTIONS>","  */","  switch (args.length) {","","    case 1:","      var arg = args.pop();","","      if (toString.call(arg) === '[object String]') {","        path = arg;","      } else {","        options = arg;","      }","    break;","","    case 2:","      path = args.shift();","      options = args.shift();","    break;","  }","","  var streaming = !path;","  var defaults = optUtils.mergeObjects(optUtils.caller, optUtils.phantom);","","  // Apply the compiled phantomjs path only if it compiled successfully","  try {","    defaults.phantomPath = require('phantomjs-prebuilt').path;","  } catch (ex) {}","","  options = processOptions(options, defaults);","","  // Check that a valid fileType was given for the output image","  var extension = (path)","    ? path.substring(~(~path.lastIndexOf('.') || ~path.length) + 1)","    : options.streamType;","","  if (!~extensions.indexOf(extension.toLowerCase())) {","    return cb(","      new Error('All files must end with one of the following extensions: '","        + extensions.join(', ')));","  }","","  // Check that a valid siteType was provided","  if (!~siteTypes.indexOf(options.siteType)) {","    var err = new Error(args.siteType + ' is not a valid sitetype.');","    if (cb) return cb(err);","    throw err;","  }","","  // Add protocol to the site url if not present","  if (options.siteType === 'url') {","    site = url.parse(site).protocol ? site : 'http://' + site;","  }","","  // Remove the given file if it already exists, then call phantom","  var spawn = function() {","    if (options.siteType === 'html') {","      var obj = tmp.fileSync();","      var tmpPath = obj.name;","      fs.writeSync(obj.fd, site, null, 'utf-8');","      fs.close(obj.fd);","      options.siteType = 'file';","      site = tmpPath;","      return spawn();","    } else {","      return spawnPhantom(site, path, streaming, options, cb);","    }","  };","","  if (path) {","    fs.exists(path, function(exists) {","      if (exists) {","        fs.unlink(path, function(err) {","          if (err) return cb(err);","          return spawn();","        });","      } else {","        return spawn();","      }","    });","  } else {","    return spawn();","  }","};","","","/*"," * Process the options object into the values to be exposed to phantom"," *"," * @param (Object) options"," * @param (Object) defaults"," * @return (Object)"," */","function processOptions(options, defaults) {","","  // Alias 'screenSize' to 'windowSize'","  options.windowSize = options.windowSize || options.screenSize;","","  // Alias 'userAgent' to 'settings.userAgent'","  if (options.userAgent) {","    options.settings = options.settings || {};","    options.settings.userAgent = options.userAgent;","  }","","  // Alias 'script' to 'onLoadFinished'","  if (options.script) {","    options.onLoadFinished = options.onLoadFinished || options.script;","  }","","  // Fill in defaults for undefined options","  var withDefaults = optUtils.mergeObjects(options, defaults);","","  // Convert function options to strings for later JSON serialization","  optUtils.phantomCallback.forEach(function(optionName) {","    var fnArg = withDefaults[optionName];","","    if (fnArg) {","      if (toString.call(fnArg) === '[object Function]') {","        withDefaults[optionName] = {","          fn: fnArg.toString()","        , context: {}","        };","      } else {","        fnArg.fn = fnArg.fn.toString();","      }","    }","  });","","  return withDefaults;","}","","","/*"," * Spawn a phantom instance to take the screenshot"," *"," * @param (String) site"," * @param (String) path"," * @param (Boolean) streaming"," * @param (Object) options"," * @param (Function) cb"," */","function spawnPhantom(site, path, streaming, options, cb) {","","  // Filter out options that shouldn't be passed to the phantom process","  var filteredOptions = optUtils.filterObject(options,","    Object.keys(optUtils.phantom)","      .concat(optUtils.phantomPage)","      .concat(optUtils.phantomCallback));","","  filteredOptions.site = site;","  filteredOptions.path = path;","  filteredOptions.streaming = streaming;","","  var phantomArgs = [phantomScript, JSON.stringify(filteredOptions)];","","  if (options.phantomConfig) {","    phantomArgs = Object.keys(options.phantomConfig).map(function (key) {","      return '--' + key + '=' + options.phantomConfig[key];","    }).concat(phantomArgs);","  }","","  var phantomProc = crossSpawn.spawn(options.phantomPath, phantomArgs);","","  // This variable will contain our timeout ID.","  var timeoutID = null;","","  // Whether or not we've called our callback already.","  var calledCallback = false;","","  // Only set the timer if the timeout has been specified (by default it's not)","  if (options.timeout) {","    timeoutID = setTimeout(function() {","","      // The phantomjs process didn't exit in time.","      // Double-check we didn't already call the callback already as that would","      // happen when the process has already exited. Sending a SIGKILL to a PID","      // that might be handed out to another process could be potentially very","      // dangerous.","      if (!calledCallback) {","        calledCallback = true;","","        // Send the kill signal","        phantomProc.kill('SIGKILL');","","        // Call our callback.","        var err = new Error('PhantomJS did not respond within the given ' +","                            'timeout setting.');","        if (cb) return cb(err);","        s.emit('error', err);","      }","    }, options.timeout);","  }","","  if (!streaming) {","    phantomProc.stderr.on('data', function(data) {","      if (options.errorIfJSException) {","        calledCallback = true;","        clearTimeout(timeoutID);","        cb(new Error('' + data))","      }","    });","","    phantomProc.on('exit', function(code) {","      if (!calledCallback) {","        calledCallback = true;","","        // No need to run the timeout anymore.","        clearTimeout(timeoutID);","        cb(code","          ? new Error('PhantomJS exited with return value ' + code)","          : null);","      }","    });","  } else {","    var s = new stream.Stream();","    s.readable = true;","","    phantomProc.stdout.on('data', function(data) {","      clearTimeout(timeoutID);","      s.emit('data', new Buffer(''+data, 'base64'));","    });","","    phantomProc.stderr.on('data', function(data) {","      if (options.errorIfJSException) {","        s.emit('error', ''+data);","      }","    });","","    phantomProc.on('exit', function() {","      s.emit('end');","    });","","    if (cb) {","      cb(null, s);","    } else {","      return s;","    }","  }","}",""],"l":{"1":1,"11":1,"14":0,"15":0,"16":0,"17":0,"25":0,"32":0,"34":0,"35":0,"43":0,"46":0,"48":0,"49":0,"51":0,"53":0,"56":0,"57":0,"58":0,"61":0,"62":0,"65":0,"66":0,"69":0,"72":0,"76":0,"77":0,"83":0,"84":0,"85":0,"86":0,"90":0,"91":0,"95":0,"96":0,"97":0,"98":0,"99":0,"100":0,"101":0,"102":0,"103":0,"105":0,"109":0,"110":0,"111":0,"112":0,"113":0,"114":0,"117":0,"121":0,"133":1,"136":0,"139":0,"140":0,"141":0,"145":0,"146":0,"150":0,"153":0,"154":0,"156":0,"157":0,"158":0,"163":0,"168":0,"181":1,"184":0,"189":0,"190":0,"191":0,"193":0,"195":0,"196":0,"197":0,"201":0,"204":0,"207":0,"210":0,"211":0,"218":0,"219":0,"222":0,"225":0,"227":0,"228":0,"233":0,"234":0,"235":0,"236":0,"237":0,"238":0,"242":0,"243":0,"244":0,"247":0,"248":0,"254":0,"255":0,"257":0,"258":0,"259":0,"262":0,"263":0,"264":0,"268":0,"269":0,"272":0,"273":0,"275":0}},"/home/travis/build/npmtest/node-npmtest-webshot/node_modules/webshot/lib/options.js":{"path":"/home/travis/build/npmtest/node-npmtest-webshot/node_modules/webshot/lib/options.js","s":{"1":1,"2":1,"3":1,"4":1,"5":1,"6":0,"7":0,"8":0,"9":0,"10":0,"11":0,"12":0,"13":0,"14":1,"15":0,"16":0,"17":0,"18":0,"19":0},"b":{"1":[0,0],"2":[0,0],"3":[0,0],"4":[0,0],"5":[0,0]},"f":{"1":0,"2":0,"3":0,"4":0,"5":0},"fnMap":{"1":{"name":"mergeObjects","line":56,"loc":{"start":{"line":56,"column":23},"end":{"line":56,"column":51}}},"2":{"name":"(anonymous_2)","line":59,"loc":{"start":{"line":59,"column":25},"end":{"line":59,"column":39}}},"3":{"name":"(anonymous_3)","line":65,"loc":{"start":{"line":65,"column":25},"end":{"line":65,"column":39}}},"4":{"name":"filterObject","line":81,"loc":{"start":{"line":81,"column":23},"end":{"line":81,"column":56}}},"5":{"name":"(anonymous_5)","line":84,"loc":{"start":{"line":84,"column":15},"end":{"line":84,"column":29}}}},"statementMap":{"1":{"start":{"line":2,"column":0},"end":{"line":29,"column":2}},"2":{"start":{"line":32,"column":0},"end":{"line":32,"column":65}},"3":{"start":{"line":35,"column":0},"end":{"line":39,"column":58}},"4":{"start":{"line":42,"column":0},"end":{"line":46,"column":2}},"5":{"start":{"line":56,"column":0},"end":{"line":71,"column":2}},"6":{"start":{"line":57,"column":2},"end":{"line":57,"column":18}},"7":{"start":{"line":59,"column":2},"end":{"line":63,"column":5}},"8":{"start":{"line":60,"column":4},"end":{"line":62,"column":25}},"9":{"start":{"line":65,"column":2},"end":{"line":68,"column":5}},"10":{"start":{"line":66,"column":4},"end":{"line":66,"column":43}},"11":{"start":{"line":66,"column":36},"end":{"line":66,"column":43}},"12":{"start":{"line":67,"column":4},"end":{"line":67,"column":25}},"13":{"start":{"line":70,"column":2},"end":{"line":70,"column":16}},"14":{"start":{"line":81,"column":0},"end":{"line":89,"column":2}},"15":{"start":{"line":82,"column":2},"end":{"line":82,"column":20}},"16":{"start":{"line":84,"column":2},"end":{"line":86,"column":5}},"17":{"start":{"line":85,"column":4},"end":{"line":85,"column":43}},"18":{"start":{"line":85,"column":18},"end":{"line":85,"column":43}},"19":{"start":{"line":88,"column":2},"end":{"line":88,"column":18}}},"branchMap":{"1":{"line":60,"type":"cond-expr","locations":[{"start":{"line":61,"column":8},"end":{"line":61,"column":42}},{"start":{"line":62,"column":8},"end":{"line":62,"column":24}}]},"2":{"line":61,"type":"binary-expr","locations":[{"start":{"line":61,"column":29},"end":{"line":61,"column":35}},{"start":{"line":61,"column":39},"end":{"line":61,"column":41}}]},"3":{"line":62,"type":"binary-expr","locations":[{"start":{"line":62,"column":8},"end":{"line":62,"column":14}},{"start":{"line":62,"column":18},"end":{"line":62,"column":24}}]},"4":{"line":66,"type":"if","locations":[{"start":{"line":66,"column":4},"end":{"line":66,"column":4}},{"start":{"line":66,"column":4},"end":{"line":66,"column":4}}]},"5":{"line":85,"type":"if","locations":[{"start":{"line":85,"column":4},"end":{"line":85,"column":4}},{"start":{"line":85,"column":4},"end":{"line":85,"column":4}}]}},"code":["// Options for the phantom script","exports.phantom = {","  windowSize: {","    width: 1024","  , height: 768","  }",", shotSize: {","    width: 'window'","  , height: 'window'","  }",", shotOffset: {","    left: 0","  , right: 0","  , top: 0","  , bottom: 0","  }",", defaultWhiteBackground: false",", customCSS: ''",", takeShotOnCallback: false",", streamType: 'png'",", siteType: 'url'",", renderDelay: 0",", quality: 75",", errorIfStatusIsNot200: false",", errorIfJSException: false",", cookies: []",", captureSelector: false",", zoomFactor: 1","};","","// Options that are just passed to the phantom page object","exports.phantomPage = ['paperSize', 'customHeaders', 'settings'];","","// Options that are callbacks for various phantom events","exports.phantomCallback = ['onAlert', 'onCallback', 'onClosing', 'onConfirm',","  'onConsoleMessage', 'onError', 'onFilePicker', 'onInitialized',","  'onLoadFinished', 'onLoadStarted', 'onNavigationRequested', 'onPageCreated',","  'onPrompt', 'onResourceRequested', 'onResourceReceived',","  'onResourceTimeout', 'onResourceError', 'onUrlChanged'];","","// Options that are used in the calling node script","exports.caller = {","  phantomPath: 'phantomjs'",", phantomConfig: ''",", timeout: 0","};","","","/*"," * Merge the two objects, using the value from `a` when the objects conflict"," *"," * @param (Object) a"," * @param (Object) b"," * @return (Object)"," */","exports.mergeObjects = function mergeObjects(a, b) {","  var merged = {};","","  Object.keys(a).forEach(function(key) {","    merged[key] = toString.call(a[key]) === '[object Object]'","      ? mergeObjects(a[key], b[key] || {})","      : a[key] || b[key];","  });","","  Object.keys(b).forEach(function(key) {","    if (merged.hasOwnProperty(key)) return;","    merged[key] = b[key];","  });","","  return merged;","};","","","/*"," * Filter the object `obj` to contain only the given keys"," *"," * @param (Object) obj"," * @param (Array) keys"," * @return (Object)"," */","exports.filterObject = function filterObject(obj, keys) {","  var filtered = {};","","  keys.forEach(function(key) {","    if (obj[key]) filtered[key] = obj[key
[...]
3,"column":2},"end":{"line":41,"column":4}},"16":{"start":{"line":36,"column":4},"end":{"line":40,"column":5}},"17":{"start":{"line":37,"column":6},"end":{"line":37,"column":71}},"18":{"start":{"line":38,"column":6},"end":{"line":38,"column":19}},"19":{"start":{"line":39,"column":6},"end":{"line":39,"column":22}},"20":{"start":{"line":45,"column":0},"end":{"line":51,"column":1}},"21":{"start":{"line":46,"column":2},"end":{"line":48,"column":3}},"22":{"start":{"line":47,"column":4},"end":{"line":47,"column":42}},"23":{"start":{"line":49,"column":7},"end":{"line":51,"column":1}},"24":{"start":{"line":50,"column":2},"end":{"line":50,"column":33}},"25":{"start":{"line":54,"column":0},"end":{"line":63,"column":2}},"26":{"start":{"line":55,"column":2},"end":{"line":55,"column":27}},"27":{"start":{"line":57,"column":2},"end":{"line":57,"column":68}},"28":{"start":{"line":57,"column":61},"end":{"line":57,"column":68}},"29":{"start":{"line":58,"column":2},"end":{"line":58,"column":73}},"30":{"start":{"line":58,"column":66},"end":{"line":58,"column":73}},"31":{"start":{"line":60,"column":2},"end":{"line":62,"column":3}},"32":{"start":{"line":61,"column":4},"end":{"line":61,"column":56}},"33":{"start":{"line":66,"column":0},"end":{"line":68,"column":8}},"34":{"start":{"line":70,"column":0},"end":{"line":72,"column":3}},"35":{"start":{"line":71,"column":2},"end":{"line":71,"column":53}},"36":{"start":{"line":71,"column":24},"end":{"line":71,"column":53}},"37":{"start":{"line":75,"column":0},"end":{"line":148,"column":1}},"38":{"start":{"line":76,"column":2},"end":{"line":80,"column":3}},"39":{"start":{"line":77,"column":4},"end":{"line":77,"column":17}},"40":{"start":{"line":78,"column":4},"end":{"line":78,"column":20}},"41":{"start":{"line":79,"column":4},"end":{"line":79,"column":11}},"42":{"start":{"line":83,"column":2},"end":{"line":147,"column":26}},"43":{"start":{"line":86,"column":4},"end":{"line":94,"column":5}},"44":{"start":{"line":87,"column":6},"end":{"line":93,"column":28}},"45":{"start":{"line":88,"column":8},"end":{"line":88,"column":52}},"46":{"start":{"line":89,"column":8},"end":{"line":89,"column":55}},"47":{"start":{"line":90,"column":8},"end":{"line":90,"column":47}},"48":{"start":{"line":91,"column":8},"end":{"line":91,"column":32}},"49":{"start":{"line":92,"column":8},"end":{"line":92,"column":68}},"50":{"start":{"line":96,"column":4},"end":{"line":125,"column":5}},"51":{"start":{"line":99,"column":6},"end":{"line":113,"column":54}},"52":{"start":{"line":100,"column":8},"end":{"line":112,"column":9}},"53":{"start":{"line":101,"column":10},"end":{"line":102,"column":69}},"54":{"start":{"line":104,"column":10},"end":{"line":109,"column":12}},"55":{"start":{"line":111,"column":10},"end":{"line":111,"column":76}},"56":{"start":{"line":117,"column":6},"end":{"line":124,"column":8}},"57":{"start":{"line":128,"column":4},"end":{"line":136,"column":5}},"58":{"start":{"line":129,"column":6},"end":{"line":135,"column":9}},"59":{"start":{"line":130,"column":8},"end":{"line":130,"column":52}},"60":{"start":{"line":131,"column":8},"end":{"line":131,"column":73}},"61":{"start":{"line":132,"column":8},"end":{"line":132,"column":47}},"62":{"start":{"line":133,"column":8},"end":{"line":133,"column":32}},"63":{"start":{"line":134,"column":8},"end":{"line":134,"column":68}},"64":{"start":{"line":139,"column":4},"end":{"line":143,"column":5}},"65":{"start":{"line":140,"column":6},"end":{"line":140,"column":52}},"66":{"start":{"line":142,"column":6},"end":{"line":142,"column":57}},"67":{"start":{"line":145,"column":4},"end":{"line":145,"column":17}},"68":{"start":{"line":146,"column":4},"end":{"line":146,"column":20}},"69":{"start":{"line":151,"column":0},"end":{"line":151,"column":19}},"70":{"start":{"line":153,"column":0},"end":{"line":172,"column":1}},"71":{"start":{"line":154,"column":2},"end":{"line":162,"column":4}},"72":{"start":{"line":155,"column":4},"end":{"line":157,"column":40}},"73":{"start":{"line":159,"column":4},"end":{"line":161,"column":5}},"74":{"start":{"line":160,"column":6},"end":{"line":160,"column":24}},"75":{"start":{"line":163,"column":7},"end":{"line":172,"column":1}},"76":{"start":{"line":164,"column":2},"end":{"line":169,"column":4}},"77":{"start":{"line":165,"column":4},"end":{"line":167,"column":46}},"78":{"start":{"line":168,"column":4},"end":{"line":168,"column":28}},"79":{"start":{"line":171,"column":2},"end":{"line":171,"column":35}},"80":{"start":{"line":175,"column":0},"end":{"line":202,"column":1}},"81":{"start":{"line":176,"column":2},"end":{"line":181,"column":3}},"82":{"start":{"line":177,"column":4},"end":{"line":177,"column":37}},"83":{"start":{"line":178,"column":4},"end":{"line":178,"column":20}},"84":{"start":{"line":180,"column":4},"end":{"line":180,"column":36}},"85":{"start":{"line":184,"column":2},"end":{"line":201,"column":3}},"86":{"start":{"line":185,"column":4},"end":{"line":185,"column":31}},"87":{"start":{"line":186,"column":4},"end":{"line":186,"column":31}},"88":{"start":{"line":187,"column":4},"end":{"line":187,"column":14}},"89":{"start":{"line":189,"column":4},"end":{"line":191,"column":43}},"90":{"start":{"line":194,"column":4},"end":{"line":194,"column":37}},"91":{"start":{"line":197,"column":4},"end":{"line":197,"column":18}},"92":{"start":{"line":199,"column":4},"end":{"line":199,"column":21}},"93":{"start":{"line":200,"column":4},"end":{"line":200,"column":20}},"94":{"start":{"line":213,"column":0},"end":{"line":243,"column":1}},"95":{"start":{"line":216,"column":2},"end":{"line":235,"column":30}},"96":{"start":{"line":217,"column":4},"end":{"line":217,"column":35}},"97":{"start":{"line":218,"column":4},"end":{"line":218,"column":57}},"98":{"start":{"line":219,"column":4},"end":{"line":234,"column":6}},"99":{"start":{"line":237,"column":2},"end":{"line":240,"column":20}},"100":{"start":{"line":242,"column":2},"end":{"line":242,"column":11}},"101":{"start":{"line":253,"column":0},"end":{"line":260,"column":1}},"102":{"start":{"line":254,"column":2},"end":{"line":259,"column":4}},"103":{"start":{"line":255,"column":4},"end":{"line":255,"column":53}},"104":{"start":{"line":256,"column":4},"end":{"line":258,"column":26}},"105":{"start":{"line":257,"column":6},"end":{"line":257,"column":48}}},"branchMap":{"1":{"line":21,"type":"if","locations":[{"start":{"line":21,"column":2},"end":{"line":21,"column":2}},{"start":{"line":21,"column":2},"end":{"line":21,"column":2}}]},"2":{"line":21,"type":"binary-expr","locations":[{"start":{"line":21,"column":6},"end":{"line":21,"column":11}},{"start":{"line":21,"column":15},"end":{"line":21,"column":27}}]},"3":{"line":25,"type":"cond-expr","locations":[{"start":{"line":25,"column":22},"end":{"line":25,"column":58}},{"start":{"line":25,"column":61},"end":{"line":25,"column":63}}]},"4":{"line":32,"type":"if","locations":[{"start":{"line":32,"column":0},"end":{"line":32,"column":0}},{"start":{"line":32,"column":0},"end":{"line":32,"column":0}}]},"5":{"line":36,"type":"if","locations":[{"start":{"line":36,"column":4},"end":{"line":36,"column":4}},{"start":{"line":36,"column":4},"end":{"line":36,"column":4}}]},"6":{"line":36,"type":"binary-expr","locations":[{"start":{"line":36,"column":8},"end":{"line":36,"column":29}},{"start":{"line":36,"column":33},"end":{"line":36,"column":56}}]},"7":{"line":45,"type":"if","locations":[{"start":{"line":45,"column":0},"end":{"line":45,"column":0}},{"start":{"line":45,"column":0},"end":{"line":45,"column":0}}]},"8":{"line":49,"type":"if","locations":[{"start":{"line":49,"column":7},"end":{"line":49,"column":7}},{"start":{"line":49,"column":7},"end":{"line":49,"column":7}}]},"9":{"line":57,"type":"if","locations":[{"start":{"line":57,"column":2},"end":{"line":57,"column":2}},{"start":{"line":57,"column":2},"end":{"line":57,"column":2}}]},"10":{"line":57,"type":"binary-expr","locations":[{"start":{"line":57,"column":6},"end":{"line":57,"column":29}},{"start":{"line":57,"column":33},"end":{"line":57,"column":59}}]},"11":{"line":58,"type":"if","locations":[{"start":{"line":58,"column":2},"end":{"line":58,"column":2}},{"start":{"line":58,"column":2},"end":{"line":58,"column":2}}]},"12":{"line":58,"type":"binary-expr","locations":[{"start":{"line":58,"column":6},"end":{"line":58,"column":33}},{"start":{"line":58,"column":37},"end":{"line":58,"column":64}}]},"13":{"line":60,"type":"if","locations":[{"start":{"line":60,"column":2},"end":{"line":60,"column":2}},{"start":{"line":60,"column":2},"end":{"line":60,"column":2}}]},"14":{"line":71,"type":"if","locations":[{"start":{"line":71,"column":2},"end":{"line":71,"column":2}},{"start":{"line":71,"column":2},"end":{"line":71,"column":2}}]},"15":{"line":76,"type":"if","locations":[{"start":{"line":76,"column":2},"end":{"line":76,"column":2}},{"start":{"line":76,"column":2},"end":{"line":76,"column":2}}]},"16":{"line":86,"type":"if","locations":[{"start":{"line":86,"column":4},"end":{"line":86,"column":4}},{"start":{"line":86,"column":4},"end":{"line":86,"column":4}}]},"17":{"line":96,"type":"if","locations":[{"start":{"line":96,"column":4},"end":{"line":96,"column":4}},{"start":{"line":96,"column":4},"end":{"line":96,"column":4}}]},"18":{"line":128,"type":"if","locations":[{"start":{"line":128,"column":4},"end":{"line":128,"column":4}},{"start":{"line":128,"column":4},"end":{"line":128,"column":4}}]},"19":{"line":139,"type":"if","locations":[{"start":{"line":139,"column":4},"end":{"line":139,"column":4}},{"start":{"line":139,"column":4},"end":{"line":139,"column":4}}]},"20":{"line":153,"type":"if","locations":[{"start":{"line":153,"column":0},"end":{"line":153,"column":0}},{"start":{"line":153,"column":0},"end":{"line":153,"column":0}}]},"21":{"line":153,"type":"binary-expr","locations":[{"start":{"line":153,"column":4},"end":{"line":153,"column":22}},{"start":{"line":153,"column":26},"end":{"line":153,"column":52}}]},"22":{"line":159,"type":"if","locations":[{"start":{"line":159,"column":4},"end":{"line":159,"column":4}},{"start":{"line":159,"column":4},"end":{"line":159,"column":4}}]},"23":{"line":163,"type":"if","locations":[{"start":{"line":163,"column":7},"end":{"line":163,"column":7}},{"start":{"line":163,"column":7},"end":{"line":163,"column":7}}]},"24":{"line":163,"type":"binary-expr","locations":[{"start":{"line":163,"column":11},"end":{"line":163,"column":33}},{"start":{"line":163,"column":37},"end":{"line":163,"column":64}}]},"25":{"line":175,"type":"if","locations":[{"start":{"line":175,"column":0},"end":{"line":175,"column":0}},{"start":{"line":175,"column":0},"end":{"line":175,"column":0}}]},"26":{"line":176,"type":"if","locations":[{"start":{"line":176,"column":2},"end":{"line":176,"column":2}},{"start":{"line":176,"column":2},"end":{"line":176,"column":2}}]},"27":{"line":189,"type":"cond-expr","locations":[{"start":{"line":190,"column":8},"end":{"line":190,"column":20}},{"start":{"line":191,"column":8},"end":{"line":191,"column":24}}]},"28":{"line":217,"type":"binary-expr","locations":[{"start":{"line":217,"column":15},"end":{"line":217,"column":28}},{"start":{"line":217,"column":32},"end":{"line":217,"column":34}}]},"29":{"line":218,"type":"binary-expr","locations":[{"start":{"line":218,"column":26},"end":{"line":218,"column":50}},{"start":{"line":218,"column":54},"end":{"line":218,"column":56}}]},"30":{"line":235,"type":"binary-expr","locations":[{"start":{"line":235,"column":5},"end":{"line":235,"column":23}},{"start":{"line":235,"column":27},"end":{"line":235,"column":28}}]},"31":{"line":237,"type":"binary-expr","locations":[{"start":{"line":237,"column":10},"end":{"line":240,"column":10}},{"start":{"line":240,"column":14},"end":{"line":240,"column":19}}]}},"code":["var system = require('system')","  , page = require('webpage').create()","  , fs = require('fs')","  , optUtils = require('./options');","","// Read in arguments","var options = JSON.parse(system.args[1]);","var site = options.site;","var path = options.path;","var streaming = options.streaming;","","page.viewportSize = {","  width: options.windowSize.width",", height: options.windowSize.height","};","","// Capture JS errors and write them to stderr","page.onError = function(msg, trace) {","  var msgStack = ['ERROR: ' + msg];","","  if (trace && trace.length) {","    msgStack.push('TRACE:');","    trace.forEach(function(t) {","      msgStack.push(' -> ' + t.file + ': ' + t.line +","        (t.function ? ' (in function \"' + t.function +'\")' : ''));","    });","  }","","  system.stderr.write(msgStack.join('\\n'));","};","","if (options.errorIfStatusIsNot200) {","  page.onResourceReceived = function(response) {","","    // If request to the page is not 200 status, fail.","    if (response.url === site && response.status !== 200) {","      system.stderr.write('Status must be 200; is ' + response.status);","      page.close();","      phantom.exit(0);","    }","  };","}","","// Handle cookies","if (Array.isArray(options.cookies)) {","  for (var i=0; i<options.cookies.length; ++i) {","    phantom.addCookie(options.cookies[i]);","  }","} else if (options.cookies === null) {","  phantom.cookiesEnabled = false;","}","","// Register user-provided callbacks","optUtils.phantomCallback.forEach(function(cbName) {","  var cb = options[cbName];","","  if (cbName === 'onCallback' && options.takeShotOnCallback) return;","  if (cbName === 'onLoadFinished' && !options.takeShotOnCallback) return;","","  if (cb) {","    page[cbName] = buildEvaluationFn(cb.fn, cb.context);","  }","})","","// Set the phantom page properties","var toOverwrite = optUtils.mergeObjects(","  optUtils.filterObject(options, optUtils.phantomPage)",", page);","","optUtils.phantomPage.forEach(function(key) {","  if (toOverwrite[key]) page[key] = toOverwrite[key];","});","","// The function that actually performs the screen rendering","var _takeScreenshot = function(status) {","  if (status === 'fail') {","    page.close();","    phantom.exit(1);","    return;","  }","","  // Wait `options.renderDelay` seconds for the page's JS to kick in","  window.setTimeout(function () {","","    // Handle customCSS option","    if (options.customCSS) {","      page.evaluate(function(customCSS) {","        var style = document.createElement('style');","        var text  = document.createTextNode(customCSS);","        style.setAttribute('type', 'text/css');","        style.appendChild(text);","        document.head.insertBefore(style, document.head.firstChild);","      }, options.customCSS);","    }","","    if (options.captureSelector) {","","      // Handle captureSelector option","      page.clipRect = page.evaluate(function(selector, zoomFactor) {","        try {","          var selectorClipRect =","            document.querySelector(selector).getBoundingClientRect();","","          return {","              top: selectorClipRect.top * zoomFactor","            , left: selectorClipRect.left * zoomFactor","            , width: selectorClipRect.width * zoomFactor","            , height: selectorClipRect.height * zoomFactor","          };","        } catch (e) {","          throw new Error(\"Unable to fetch bounds for element \" + selector);","        }","      }, options.captureSelector, options.zoomFactor);","    } else {","","      //Set the rectangle of the page to render","      page.clipRect = {","        top: options.shotOffset.top","      , left: options.shotOffset.left","      , width: pixelCount(page, 'width', options.shotSize.width)","          - options.shotOffset.right","      , height: pixelCount(page, 'height', options.shotSize.height)","          - options.shotOffset.bottom","      };","    }","","    // Handle defaultWhiteBackgroud option","    if (options.defaultWhiteBackground) {","      page.evaluate(function() {","        var style = document.createElement('style');","        var text  = document.createTextNode('body { background: #fff }');","        style.setAttribute('type', 'text/css');","        style.appendChild(text);","        document.head.insertBefore(style, document.head.firstChild);","      });","    }","","    // Render, clean up, and exit","    if (!streaming) {","      page.render(path, {quality: options.quality});","    } else {","      console.log(page.renderBase64(options.streamType));","    }","","    page.close();","    phantom.exit(0);","  }, options.renderDelay);","}","","// Avoid overwriting the user-provided onPageLoaded or onCallback options","var takeScreenshot;","","if (options.onCallback && options.takeShotOnCallback) {","  takeScreenshot = function(data) {","    buildEvaluationFn(","      options.onCallback.fn","    , options.onCallback.context)(data);","","    if (data == 'takeShot') {","      _takeScreenshot();","    }","  };","} else if (options.onLoadFinished && !options.takeShotOnCallback) {","  takeScreenshot = function(status) {","    buildEvaluationFn(","      options.onLoadFinished.fn","    , options.onLoadFinished.context)(status);","    _takeScreenshot(status);","  };","} else {","  takeScreenshot = _takeScreenshot;","}","","// Kick off the page loading","if (options.siteType == 'url') {","  if (options.takeShotOnCallback) {","    page.onCallback = takeScreenshot;","    page.open(site);","  } else {","    page.open(site, takeScreenshot);","  }","} else {","","  try {","    var f = fs.open(site, 'r');","    var pageContent = f.read();","    f.close();","","    page[options.takeShotOnCallback","      ? 'onCallback'","      : 'onLoadFinished'] = takeScreenshot;","","    // Set content to be provided HTML","    page.setContent(pageContent, '');","","    // Issue reload to pull down any CSS or JS","    page.reload();","  } catch (e) {","    console.error(e);","    phantom.exit(1);","  }","}","","","/*"," * Given a shotSize dimension, return the actual number of pixels in the"," * dimension that phantom should render."," *"," * @param (Object) page"," * @param (String) dimension"," * @param (String or Number) value"," */","function pixelCount(page, dimension, value) {","","  // Determine the page's dimensions","  var pageDimensions = page.evaluate(function(zoomFactor) {","    var body = document.body || {};","    var documentElement = document.documentElement || {};","    return {","      width: Math.max(","        body.offsetWidth","      , body.scrollWidth","      , documentElement.clientWidth","      , documentElement.scrollWidth","      , documentElement.offsetWidth","      ) * zoomFactor","    , height: Math.max(","        body.offsetHeight","      , body.scrollHeight","      , documentElement.clientHeight","      , documentElement.scrollHeight","      , documentElement.offsetHeight","      ) * zoomFactor","    };","  }, options.zoomFactor || 1);","","  var x = {","    window: page.viewportSize[dimension]","  , all: pageDimensions[dimension]","  }[value] || value;","","  return x;","}","","","/*"," * Bind the function `fn` to the context `context` in a serializable manner."," * A tiny bit of a hack."," *"," * @param (String) fn"," * @param (Object) context"," */","function buildEvaluationFn(fn, context) {","  return function() {","    var args = Array.prototype.slice.call(arguments);","    page.evaluate(function(fn, context, args) {","      eval('(' + fn + ')').apply(context, args);","    }, fn, context, args);","  };","}",""],"l":{"1":2,"7":0,"8":0,"9":0,"10":0,"12":0,"18":0,"19":0,"21":0,"22":0,"23":0,"24":0,"29":0,"32":0,"33":0,"36":0,"37":0,"38":0,"39":0,"45":0,"46":0,"47":0,"49":0,"50":0,"54":0,"55":0,"57":0,"58":0,"60":0,"61":0,"66":0,"70":0,"71":0,"75":0,"76":0,"77":0,"78":0,"79":0,"83":0,"86":0,"87":0,"88":0,"89":0,"90":0,"91":0,"92":0,"96":0,"99":0,"100":0,"101":0,"104":0,"111":0,"117":0,"128":0,"129":0,"130":0,"131":0,"132":0,"133":0,"134":0,"139":0,"140":0,"142":0,"145":0,"146":0,"151":0,"153":0,"154":0,"155":0,"159":0,"160":0,"163":0,"164":0,"165":0,"168":0,"171":0,"175":0,"176":0,"177":0,"178":0,"180":0,"184":0,"185":0,"186":0,"187":0,"189":0,"194":0,"197":0,"199":0,"200":0,"213":1,"216":0,"217":0,"218":0,"219":0,"237":0,"242":0,"253":1,"254":0,"255":0,"256":0,"257":0}}}